#
# A fatal error has been detected by the Java Runtime Environment:
#
#  SIGSEGV (0xb) at pc=0x000000011d6d332e, pid=41457, tid=5891
#
# JRE version: Java(TM) SE Runtime Environment (8.0_60-b27) (build 1.8.0_60-b27)
# Java VM: Java HotSpot(TM) 64-Bit Server VM (25.60-b23 mixed mode bsd-amd64 compressed oops)
# Problematic frame:
# C  [libtesseract.dylib+0x1732e]  _ZN9tesseract9Tesseract15recog_all_wordsEP8PAGE_RESP10ETEXT_DESCPK4TBOXPKci+0xbe
#
# Failed to write core dump. Core dumps have been disabled. To enable core dumping, try "ulimit -c unlimited" before starting Java again
#
# If you would like to submit a bug report, please visit:
#   http://bugreport.java.com/bugreport/crash.jsp
# The crash happened outside the Java Virtual Machine in native code.
# See problematic frame for where to report the bug.
#

---------------  T H R E A D  ---------------

Current thread (0x00007fc0ab007800):  JavaThread "main" [_thread_in_native, id=5891, stack(0x000070000011a000,0x000070000021a000)]

siginfo: si_signo: 11 (SIGSEGV), si_code: 1 (SEGV_MAPERR), si_addr: 0x000000000000000c

Registers:
RAX=0x0000000000000000, RBX=0x0000000000000000, RCX=0x0000000000000000, RDX=0x0000000000000000
RSP=0x00007000002186b0, RBP=0x0000700000218840, RSI=0x0000000000000000, RDI=0x00007000002187f8
R8 =0x0000000000000000, R9 =0x0000000000000000, R10=0x0000000000000001, R11=0x00007fc0aaf00000
R12=0x00007fc0ab299a00, R13=0x00007fc0ab299a00, R14=0x0000000000000000, R15=0x00007fc0aafc41c0
RIP=0x000000011d6d332e, EFLAGS=0x0000000000010246, ERR=0x0000000000000004
  TRAPNO=0x000000000000000e

Top of Stack: (sp=0x00007000002186b0)
0x00007000002186b0:   00007fc0ad0d5e38 00000000ad0d5dc0
0x00007000002186c0:   0000000000000000 0000000000000000
0x00007000002186d0:   0000700000210000 00007fc0ad0d5c80
0x00007000002186e0:   00007fc0aafa6d01 00007fc0aafb0300
0x00007000002186f0:   00007fc0aafbadf8 00007fc0ad0d5e10
0x0000700000218700:   0000000000000000 00007fc0aafbae00
0x0000700000218710:   0000700000218790 000000011d8312e7
0x0000700000218720:   00007fc0aafc41c0 0000000000000000
0x0000700000218730:   0000000000000000 0000000000000000
0x0000700000218740:   00007fc0aafba730 00007fc0aafbae00
0x0000700000218750:   00007fc0aafbadd0 00007fc0aafba8e0
0x0000700000218760:   00007fc0aafbae00 00007fc0aafbadd0
0x0000700000218770:   00007fc0aafc41c8 00007fc0aafbadd0
0x0000700000218780:   00007fc0aafbadd0 00007fc0aafbadd0
0x0000700000218790:   0000700000210000 00007fc0aafbadd0
0x00007000002187a0:   0000000000000000 00007fc0aafbadf8
0x00007000002187b0:   00007fc0aafb0300 00007fc0aafbae00
0x00007000002187c0:   00007fc0aafbb860 00007fc0ab290000
0x00007000002187d0:   00007fc0aafbae00 0000000000000000
0x00007000002187e0:   00007fc0aafbae20 00007fc0aafba8e0
0x00007000002187f0:   00007fc0aafbb350 00007fc0aafbb500
0x0000700000218800:   0000700000210000 00007fc0aafba730
0x0000700000218810:   00007fc0ab299a01 0000000000000001
0x0000700000218820:   00007fc0aafc41c0 00007fc0ab299a00
0x0000700000218830:   00000000ffffffff 00007fc0ad0a5c90
0x0000700000218840:   00007000002188b0 000000011d6bf677
0x0000700000218850:   00007fc0ad0a5c90 000000011698c97b
0x0000700000218860:   00007000002188c0 000000011698ccc8
0x0000700000218870:   0000000000000000 010000011698c9d8
0x0000700000218880:   0000000000000000 00007fc0ad0a5c90
0x0000700000218890:   0000000000000001 0000000000000001
0x00007000002188a0:   0000000000000000 5300e2b79e3efdc6 

Instructions: (pc=0x000000011d6d332e)
0x000000011d6d330e:   7e 10 89 9d 7c fe ff ff 4c 89 e7 e8 a2 cd 0f 00
0x000000011d6d331e:   eb 1c 89 9d 7c fe ff ff 49 8b 84 24 10 0b 00 00
0x000000011d6d332e:   80 78 0c 00 74 08 4c 89 e7 e8 44 ce 0f 00 4d 89
0x000000011d6d333e:   f5 41 83 bc 24 18 4c 00 00 00 7e 48 31 db 0f 1f 

Register to memory mapping:

RAX=0x0000000000000000 is an unknown value
RBX=0x0000000000000000 is an unknown value
RCX=0x0000000000000000 is an unknown value
RDX=0x0000000000000000 is an unknown value
RSP=0x00007000002186b0 is pointing into the stack for thread: 0x00007fc0ab007800
RBP=0x0000700000218840 is pointing into the stack for thread: 0x00007fc0ab007800
RSI=0x0000000000000000 is an unknown value
RDI=0x00007000002187f8 is pointing into the stack for thread: 0x00007fc0ab007800
R8 =0x0000000000000000 is an unknown value
R9 =0x0000000000000000 is an unknown value
R10=0x0000000000000001 is an unknown value
R11=0x00007fc0aaf00000 is an unknown value
R12=0x00007fc0ab299a00 is an unknown value
R13=0x00007fc0ab299a00 is an unknown value
R14=0x0000000000000000 is an unknown value
R15=0x00007fc0aafc41c0 is an unknown value


Stack: [0x000070000011a000,0x000070000021a000],  sp=0x00007000002186b0,  free space=1017k
Native frames: (J=compiled Java code, j=interpreted, Vv=VM code, C=native code)
C  [libtesseract.dylib+0x1732e]  _ZN9tesseract9Tesseract15recog_all_wordsEP8PAGE_RESP10ETEXT_DESCPK4TBOXPKci+0xbe
C  [libtesseract.dylib+0x3677]  _ZN9tesseract11TessBaseAPI9RecognizeEP10ETEXT_DESC+0x2f7
C  [libtesseract.dylib+0x2023]  _ZN9tesseract11TessBaseAPI11GetUTF8TextEv+0x33
C  [jna7720388066837724861.tmp+0xe134]  ffi_call_unix64+0x4c
C  0x0000700000219308

Java frames: (J=compiled Java code, j=interpreted, Vv=VM code)
j  com.sun.jna.Native.invokePointer(JI[Ljava/lang/Object;)J+0
j  com.sun.jna.Function.invokePointer(I[Ljava/lang/Object;)Lcom/sun/jna/Pointer;+6
j  com.sun.jna.Function.invoke([Ljava/lang/Object;Ljava/lang/Class;Z)Ljava/lang/Object;+414
j  com.sun.jna.Function.invoke(Ljava/lang/reflect/Method;[Ljava/lang/Class;Ljava/lang/Class;[Ljava/lang/Object;Ljava/util/Map;)Ljava/lang/Object;+249
j  com.sun.jna.Library$Handler.invoke(Ljava/lang/Object;Ljava/lang/reflect/Method;[Ljava/lang/Object;)Ljava/lang/Object;+348
j  com.sun.proxy.$Proxy0.TessBaseAPIGetUTF8Text(Lnet/sourceforge/tess4j/ITessAPI$TessBaseAPI;)Lcom/sun/jna/Pointer;+16
j  net.sourceforge.tess4j.Tesseract.getOCRText(Ljava/lang/String;I)Ljava/lang/String;+62
j  net.sourceforge.tess4j.Tesseract.doOCR(Ljava/util/List;Ljava/lang/String;Ljava/awt/Rectangle;)Ljava/lang/String;+69
j  net.sourceforge.tess4j.Tesseract.doOCR(Ljava/io/File;Ljava/awt/Rectangle;)Ljava/lang/String;+10
j  net.sourceforge.tess4j.Tesseract.doOCR(Ljava/io/File;)Ljava/lang/String;+3
j  tesseractpart1.Tesseractpart1.main([Ljava/lang/String;)V+20
v  ~StubRoutines::call_stub

---------------  P R O C E S S  ---------------

Java Threads: ( => current thread )
  0x00007fc0ac9c1800 JavaThread "Java2D Disposer" daemon [_thread_blocked, id=47911, stack(0x00007000012d6000,0x00007000013d6000)]
  0x00007fc0ac0d9000 JavaThread "AWT-Shutdown" [_thread_blocked, id=29203, stack(0x00007000010cd000,0x00007000011cd000)]
  0x00007fc0ab912800 JavaThread "AWT-AppKit" daemon [_thread_in_native, id=2571, stack(0x00007fff5e4c0000,0x00007fff5ecc0000)]
  0x00007fc0ac826000 JavaThread "Service Thread" daemon [_thread_blocked, id=18691, stack(0x0000700000e44000,0x0000700000f44000)]
  0x00007fc0ac83c800 JavaThread "C1 CompilerThread2" daemon [_thread_blocked, id=18179, stack(0x0000700000d41000,0x0000700000e41000)]
  0x00007fc0ac81b800 JavaThread "C2 CompilerThread1" daemon [_thread_blocked, id=17667, stack(0x0000700000c3e000,0x0000700000d3e000)]
  0x00007fc0ab052000 JavaThread "C2 CompilerThread0" daemon [_thread_blocked, id=17155, stack(0x0000700000b3b000,0x0000700000c3b000)]
  0x00007fc0ab05d000 JavaThread "Signal Dispatcher" daemon [_thread_blocked, id=12815, stack(0x0000700000a38000,0x0000700000b38000)]
  0x00007fc0ab042000 JavaThread "Finalizer" daemon [_thread_blocked, id=12291, stack(0x000070000082f000,0x000070000092f000)]
  0x00007fc0ab005000 JavaThread "Reference Handler" daemon [_thread_blocked, id=11779, stack(0x000070000072c000,0x000070000082c000)]
=>0x00007fc0ab007800 JavaThread "main" [_thread_in_native, id=5891, stack(0x000070000011a000,0x000070000021a000)]

Other Threads:
  0x00007fc0ab80c800 VMThread [stack: 0x0000700000629000,0x0000700000729000] [id=11267]
  0x00007fc0ac827000 WatcherThread [stack: 0x0000700000f47000,0x0000700001047000] [id=19203]

VM state:not at safepoint (normal execution)

VM Mutex/Monitor currently owned by a thread: None

Heap:
 PSYoungGen      total 38400K, used 17900K [0x0000000795580000, 0x0000000798000000, 0x00000007c0000000)
  eden space 33280K, 38% used [0x0000000795580000,0x00000007961fc480,0x0000000797600000)
  from space 5120K, 99% used [0x0000000797600000,0x0000000797afebb8,0x0000000797b00000)
  to   space 5120K, 0% used [0x0000000797b00000,0x0000000797b00000,0x0000000798000000)
 ParOldGen       total 87552K, used 7542K [0x0000000740000000, 0x0000000745580000, 0x0000000795580000)
  object space 87552K, 8% used [0x0000000740000000,0x000000074075d800,0x0000000745580000)
 Metaspace       used 9429K, capacity 9616K, committed 9728K, reserved 1058816K
  class space    used 1116K, capacity 1210K, committed 1280K, reserved 1048576K

Card table byte_map: [0x0000000111dc0000,0x00000001121c1000] byte_map_base: 0x000000010e3c0000

Marking Bits: (ParMarkBitMap*) 0x0000000101a9ae20
 Begin Bits: [0x000000011246c000, 0x000000011446c000)
 End Bits:   [0x000000011446c000, 0x000000011646c000)

Polling page: 0x000000010218c000

CodeCache: size=245760Kb used=3125Kb max_used=3137Kb free=242634Kb
 bounds [0x0000000102a00000, 0x0000000102d20000, 0x0000000111a00000]
 total_blobs=1120 nmethods=755 adapters=279
 compilation: enabled

Compilation events (10 events):
Event: 4.140 Thread 0x00007fc0ab052000  751  s    4       java.io.ByteArrayOutputStream::write (66 bytes)
Event: 4.140 Thread 0x00007fc0ac81b800  752       4       java.lang.Math::min (12 bytes)
Event: 4.141 Thread 0x00007fc0ac81b800 nmethod 752 0x0000000102d0f490 code [0x0000000102d0f5e0, 0x0000000102d0f658]
Event: 4.144 Thread 0x00007fc0ab052000 nmethod 751 0x0000000102d0d6d0 code [0x0000000102d0d840, 0x0000000102d0dd28]
Event: 4.161 Thread 0x00007fc0ac83c800  753       3       java.lang.StringBuilder::append (8 bytes)
Event: 4.162 Thread 0x00007fc0ac83c800 nmethod 753 0x0000000102d0d150 code [0x0000000102d0d2c0, 0x0000000102d0d448]
Event: 4.162 Thread 0x00007fc0ac83c800  754       3       java.lang.AbstractStringBuilder::append (62 bytes)
Event: 4.162 Thread 0x00007fc0ac81b800  755       4       java.util.HashMap::getNode (148 bytes)
Event: 4.163 Thread 0x00007fc0ac83c800 nmethod 754 0x0000000102d0e810 code [0x0000000102d0e9e0, 0x0000000102d0f0c8]
Event: 4.166 Thread 0x00007fc0ac81b800 nmethod 755 0x0000000102d0f810 code [0x0000000102d0f980, 0x0000000102d0fbf8]

GC Heap History (2 events):
Event: 4.107 GC heap before
{Heap before GC invocations=1 (full 0):
 PSYoungGen      total 38400K, used 30618K [0x0000000795580000, 0x0000000798000000, 0x00000007c0000000)
  eden space 33280K, 92% used [0x0000000795580000,0x0000000797366b38,0x0000000797600000)
  from space 5120K, 0% used [0x0000000797b00000,0x0000000797b00000,0x0000000798000000)
  to   space 5120K, 0% used [0x0000000797600000,0x0000000797600000,0x0000000797b00000)
 ParOldGen       total 87552K, used 0K [0x0000000740000000, 0x0000000745580000, 0x0000000795580000)
  object space 87552K, 0% used [0x0000000740000000,0x0000000740000000,0x0000000745580000)
 Metaspace       used 9390K, capacity 9584K, committed 9728K, reserved 1058816K
  class space    used 1114K, capacity 1178K, committed 1280K, reserved 1048576K
Event: 4.119 GC heap after
Heap after GC invocations=1 (full 0):
 PSYoungGen      total 38400K, used 5114K [0x0000000795580000, 0x0000000798000000, 0x00000007c0000000)
  eden space 33280K, 0% used [0x0000000795580000,0x0000000795580000,0x0000000797600000)
  from space 5120K, 99% used [0x0000000797600000,0x0000000797afebb8,0x0000000797b00000)
  to   space 5120K, 0% used [0x0000000797b00000,0x0000000797b00000,0x0000000798000000)
 ParOldGen       total 87552K, used 7542K [0x0000000740000000, 0x0000000745580000, 0x0000000795580000)
  object space 87552K, 8% used [0x0000000740000000,0x000000074075d800,0x0000000745580000)
 Metaspace       used 9390K, capacity 9584K, committed 9728K, reserved 1058816K
  class space    used 1114K, capacity 1178K, committed 1280K, reserved 1048576K
}

Deoptimization events (3 events):
Event: 3.749 Thread 0x00007fc0ab007800 Uncommon trap: reason=unstable_if action=reinterpret pc=0x0000000102c204bc method=java.util.HashMap.getNode(ILjava/lang/Object;)Ljava/util/HashMap$Node; @ 62
Event: 3.757 Thread 0x00007fc0ab007800 Uncommon trap: reason=unstable_if action=reinterpret pc=0x0000000102c4a058 method=java.util.HashMap.getNode(ILjava/lang/Object;)Ljava/util/HashMap$Node; @ 129
Event: 4.141 Thread 0x00007fc0ab007800 Uncommon trap: reason=unstable_if action=reinterpret pc=0x0000000102d0f628 method=java.lang.Math.min(JJ)J @ 3

Internal exceptions (10 events):
Event: 0.060 Thread 0x00007fc0ab007800 Exception <a 'java/lang/NoSuchMethodError': Method sun.misc.Unsafe.prefetchRead(Ljava/lang/Object;J)V name or signature does not match> (0x0000000795592ec8) thrown at [/Users/java_re/workspace/8-2-build-macosx-x86_64/jdk8u60/4407/hotspot/src/share/vm/prim
Event: 0.167 Thread 0x00007fc0ab007800 Exception <a 'java/security/PrivilegedActionException'> (0x0000000795812540) thrown at [/Users/java_re/workspace/8-2-build-macosx-x86_64/jdk8u60/4407/hotspot/src/share/vm/prims/jvm.cpp, line 1386]
Event: 0.167 Thread 0x00007fc0ab007800 Exception <a 'java/security/PrivilegedActionException'> (0x0000000795812750) thrown at [/Users/java_re/workspace/8-2-build-macosx-x86_64/jdk8u60/4407/hotspot/src/share/vm/prims/jvm.cpp, line 1386]
Event: 0.168 Thread 0x00007fc0ab007800 Exception <a 'java/security/PrivilegedActionException'> (0x00000007958159f0) thrown at [/Users/java_re/workspace/8-2-build-macosx-x86_64/jdk8u60/4407/hotspot/src/share/vm/prims/jvm.cpp, line 1386]
Event: 0.168 Thread 0x00007fc0ab007800 Exception <a 'java/security/PrivilegedActionException'> (0x0000000795815c00) thrown at [/Users/java_re/workspace/8-2-build-macosx-x86_64/jdk8u60/4407/hotspot/src/share/vm/prims/jvm.cpp, line 1386]
Event: 0.212 Thread 0x00007fc0ab007800 Exception <a 'java/io/FileNotFoundException'> (0x000000079592fc78) thrown at [/Users/java_re/workspace/8-2-build-macosx-x86_64/jdk8u60/4407/hotspot/src/share/vm/prims/jni.cpp, line 709]
Event: 0.333 Thread 0x00007fc0ab007800 Exception <a 'java/lang/NoSuchFieldError': method resolution failed> (0x0000000795b12598) thrown at [/Users/java_re/workspace/8-2-build-macosx-x86_64/jdk8u60/4407/hotspot/src/share/vm/prims/methodHandles.cpp, line 1146]
Event: 0.336 Thread 0x00007fc0ab007800 Exception <a 'java/lang/NoSuchFieldError': method resolution failed> (0x0000000795b1fcb8) thrown at [/Users/java_re/workspace/8-2-build-macosx-x86_64/jdk8u60/4407/hotspot/src/share/vm/prims/methodHandles.cpp, line 1146]
Event: 3.459 Thread 0x00007fc0ab007800 Exception <a 'java/io/FileNotFoundException'> (0x0000000795b9a2f8) thrown at [/Users/java_re/workspace/8-2-build-macosx-x86_64/jdk8u60/4407/hotspot/src/share/vm/prims/jni.cpp, line 709]
Event: 3.459 Thread 0x00007fc0ab007800 Exception <a 'java/io/FileNotFoundException'> (0x0000000795b9ae50) thrown at [/Users/java_re/workspace/8-2-build-macosx-x86_64/jdk8u60/4407/hotspot/src/share/vm/prims/jni.cpp, line 709]

Events (10 events):
Event: 4.134 Executing VM operation: EnableBiasedLocking done
Event: 4.141 Thread 0x00007fc0ab007800 Uncommon trap: trap_request=0xffffff65 fr.pc=0x0000000102d0f628
Event: 4.141 Thread 0x00007fc0ab007800 DEOPT PACKING pc=0x0000000102d0f628 sp=0x0000700000219490
Event: 4.141 Thread 0x00007fc0ab007800 DEOPT UNPACKING pc=0x0000000102a05229 sp=0x0000700000219458 mode 2
Event: 4.152 loading class java/nio/DirectByteBuffer$Deallocator
Event: 4.152 loading class java/nio/DirectByteBuffer$Deallocator done
Event: 4.153 loading class java/lang/StrictMath
Event: 4.153 loading class java/lang/StrictMath done
Event: 4.153 loading class com/sun/jna/Native$Buffers
Event: 4.153 loading class com/sun/jna/Native$Buffers done


Dynamic libraries:
0x0000000001c85000 	/System/Library/Frameworks/Cocoa.framework/Versions/A/Cocoa
0x0000000001c85000 	/System/Library/Frameworks/Security.framework/Versions/A/Security
0x0000000001c85000 	/System/Library/Frameworks/ApplicationServices.framework/Versions/A/ApplicationServices
0x0000000001c85000 	/usr/lib/libz.1.dylib
0x0000000001c85000 	/usr/lib/libSystem.B.dylib
0x0000000001c85000 	/usr/lib/libobjc.A.dylib
0x0000000001c85000 	/System/Library/Frameworks/CoreFoundation.framework/Versions/A/CoreFoundation
0x0000000001c85000 	/System/Library/Frameworks/Foundation.framework/Versions/C/Foundation
0x0000000001c85000 	/System/Library/Frameworks/AppKit.framework/Versions/C/AppKit
0x0000000001c85000 	/System/Library/Frameworks/CoreData.framework/Versions/A/CoreData
0x0000000001c85000 	/System/Library/PrivateFrameworks/RemoteViewServices.framework/Versions/A/RemoteViewServices
0x0000000001c85000 	/System/Library/PrivateFrameworks/UIFoundation.framework/Versions/A/UIFoundation
0x0000000001c85000 	/usr/lib/libScreenReader.dylib
0x0000000001c85000 	/System/Library/Frameworks/Accelerate.framework/Versions/A/Accelerate
0x0000000001c85000 	/System/Library/Frameworks/IOSurface.framework/Versions/A/IOSurface
0x0000000001c85000 	/System/Library/Frameworks/AudioToolbox.framework/Versions/A/AudioToolbox
0x0000000001c85000 	/System/Library/Frameworks/AudioUnit.framework/Versions/A/AudioUnit
0x0000000001c85000 	/System/Library/PrivateFrameworks/DataDetectorsCore.framework/Versions/A/DataDetectorsCore
0x0000000001c85000 	/System/Library/PrivateFrameworks/DesktopServicesPriv.framework/Versions/A/DesktopServicesPriv
0x0000000001c85000 	/System/Library/Frameworks/Carbon.framework/Versions/A/Frameworks/HIToolbox.framework/Versions/A/HIToolbox
0x0000000001c85000 	/System/Library/Frameworks/QuartzCore.framework/Versions/A/QuartzCore
0x0000000001c85000 	/System/Library/Frameworks/Carbon.framework/Versions/A/Frameworks/SpeechRecognition.framework/Versions/A/SpeechRecognition
0x0000000001c85000 	/usr/lib/libauto.dylib
0x0000000001c85000 	/usr/lib/libicucore.A.dylib
0x0000000001c85000 	/usr/lib/libxml2.2.dylib
0x0000000001c85000 	/System/Library/PrivateFrameworks/CoreUI.framework/Versions/A/CoreUI
0x0000000001c85000 	/System/Library/Frameworks/CoreAudio.framework/Versions/A/CoreAudio
0x0000000001c85000 	/System/Library/Frameworks/DiskArbitration.framework/Versions/A/DiskArbitration
0x0000000001c85000 	/usr/lib/liblangid.dylib
0x0000000001c85000 	/System/Library/PrivateFrameworks/MultitouchSupport.framework/Versions/A/MultitouchSupport
0x0000000001c85000 	/System/Library/Frameworks/IOKit.framework/Versions/A/IOKit
0x0000000001c85000 	/usr/lib/libDiagnosticMessagesClient.dylib
0x0000000001c85000 	/System/Library/Frameworks/CoreServices.framework/Versions/A/CoreServices
0x0000000001c85000 	/System/Library/PrivateFrameworks/PerformanceAnalysis.framework/Versions/A/PerformanceAnalysis
0x0000000001c85000 	/System/Library/PrivateFrameworks/GenerationalStorage.framework/Versions/A/GenerationalStorage
0x0000000001c85000 	/System/Library/Frameworks/OpenGL.framework/Versions/A/OpenGL
0x0000000001c85000 	/System/Library/PrivateFrameworks/Sharing.framework/Versions/A/Sharing
0x0000000001c85000 	/System/Library/Frameworks/CoreGraphics.framework/Versions/A/CoreGraphics
0x0000000001c85000 	/System/Library/Frameworks/CoreImage.framework/Versions/A/CoreImage
0x0000000001c85000 	/System/Library/Frameworks/CoreText.framework/Versions/A/CoreText
0x0000000001c85000 	/System/Library/Frameworks/ImageIO.framework/Versions/A/ImageIO
0x0000000001c85000 	/System/Library/PrivateFrameworks/Backup.framework/Versions/A/Backup
0x0000000001c85000 	/usr/lib/libextension.dylib
0x0000000001c85000 	/usr/lib/libarchive.2.dylib
0x0000000001c85000 	/System/Library/Frameworks/CFNetwork.framework/Versions/A/CFNetwork
0x0000000001c85000 	/System/Library/Frameworks/SystemConfiguration.framework/Versions/A/SystemConfiguration
0x0000000001c85000 	/usr/lib/libCRFSuite.dylib
0x0000000001c85000 	/usr/lib/libc++.1.dylib
0x0000000001c85000 	/usr/lib/libc++abi.dylib
0x0000000001c85000 	/usr/lib/system/libcache.dylib
0x0000000001c85000 	/usr/lib/system/libcommonCrypto.dylib
0x0000000001c85000 	/usr/lib/system/libcompiler_rt.dylib
0x0000000001c85000 	/usr/lib/system/libcopyfile.dylib
0x0000000001c85000 	/usr/lib/system/libcorecrypto.dylib
0x0000000001c85000 	/usr/lib/system/libdispatch.dylib
0x0000000001c85000 	/usr/lib/system/libdyld.dylib
0x0000000001c85000 	/usr/lib/system/libkeymgr.dylib
0x0000000001c85000 	/usr/lib/system/liblaunch.dylib
0x0000000001c85000 	/usr/lib/system/libmacho.dylib
0x0000000001c85000 	/usr/lib/system/libquarantine.dylib
0x0000000001c85000 	/usr/lib/system/libremovefile.dylib
0x0000000001c85000 	/usr/lib/system/libsystem_asl.dylib
0x0000000001c85000 	/usr/lib/system/libsystem_blocks.dylib
0x0000000001c85000 	/usr/lib/system/libsystem_c.dylib
0x0000000001c85000 	/usr/lib/system/libsystem_configuration.dylib
0x0000000001c85000 	/usr/lib/system/libsystem_coreservices.dylib
0x0000000001c85000 	/usr/lib/system/libsystem_coretls.dylib
0x0000000001c85000 	/usr/lib/system/libsystem_dnssd.dylib
0x0000000001c85000 	/usr/lib/system/libsystem_info.dylib
0x0000000001c85000 	/usr/lib/system/libsystem_kernel.dylib
0x0000000001c85000 	/usr/lib/system/libsystem_m.dylib
0x0000000001c85000 	/usr/lib/system/libsystem_malloc.dylib
0x0000000001c85000 	/usr/lib/system/libsystem_network.dylib
0x0000000001c85000 	/usr/lib/system/libsystem_networkextension.dylib
0x0000000001c85000 	/usr/lib/system/libsystem_notify.dylib
0x0000000001c85000 	/usr/lib/system/libsystem_platform.dylib
0x0000000001c85000 	/usr/lib/system/libsystem_pthread.dylib
0x0000000001c85000 	/usr/lib/system/libsystem_sandbox.dylib
0x0000000001c85000 	/usr/lib/system/libsystem_secinit.dylib
0x0000000001c85000 	/usr/lib/system/libsystem_trace.dylib
0x0000000001c85000 	/usr/lib/system/libunc.dylib
0x0000000001c85000 	/usr/lib/system/libunwind.dylib
0x0000000001c85000 	/usr/lib/system/libxpc.dylib
0x0000000001c85000 	/usr/lib/libenergytrace.dylib
0x0000000001c85000 	/usr/lib/libbsm.0.dylib
0x0000000001c85000 	/usr/lib/system/libkxld.dylib
0x0000000001c85000 	/usr/lib/libxar.1.dylib
0x0000000001c85000 	/usr/lib/libsqlite3.dylib
0x0000000001c85000 	/usr/lib/libpam.2.dylib
0x0000000001c85000 	/usr/lib/libOpenScriptingUtil.dylib
0x0000000001c85000 	/usr/lib/libbz2.1.0.dylib
0x0000000001c85000 	/usr/lib/liblzma.5.dylib
0x0000000001c85000 	/System/Library/Frameworks/CoreServices.framework/Versions/A/Frameworks/FSEvents.framework/Versions/A/FSEvents
0x0000000001c85000 	/System/Library/Frameworks/CoreServices.framework/Versions/A/Frameworks/CarbonCore.framework/Versions/A/CarbonCore
0x0000000001c85000 	/System/Library/Frameworks/CoreServices.framework/Versions/A/Frameworks/Metadata.framework/Versions/A/Metadata
0x0000000001c85000 	/System/Library/Frameworks/CoreServices.framework/Versions/A/Frameworks/OSServices.framework/Versions/A/OSServices
0x0000000001c85000 	/System/Library/Frameworks/CoreServices.framework/Versions/A/Frameworks/SearchKit.framework/Versions/A/SearchKit
0x0000000001c85000 	/System/Library/Frameworks/CoreServices.framework/Versions/A/Frameworks/AE.framework/Versions/A/AE
0x0000000001c85000 	/System/Library/Frameworks/CoreServices.framework/Versions/A/Frameworks/LaunchServices.framework/Versions/A/LaunchServices
0x0000000001c85000 	/System/Library/Frameworks/CoreServices.framework/Versions/A/Frameworks/DictionaryServices.framework/Versions/A/DictionaryServices
0x0000000001c85000 	/System/Library/Frameworks/CoreServices.framework/Versions/A/Frameworks/SharedFileList.framework/Versions/A/SharedFileList
0x0000000001c85000 	/System/Library/Frameworks/NetFS.framework/Versions/A/NetFS
0x0000000001c85000 	/System/Library/PrivateFrameworks/NetAuth.framework/Versions/A/NetAuth
0x0000000001c85000 	/System/Library/PrivateFrameworks/login.framework/Versions/A/Frameworks/loginsupport.framework/Versions/A/loginsupport
0x0000000001c85000 	/System/Library/PrivateFrameworks/TCC.framework/Versions/A/TCC
0x0000000001c85000 	/usr/lib/libmecabra.dylib
0x0000000001c85000 	/System/Library/Frameworks/ApplicationServices.framework/Versions/A/Frameworks/ATS.framework/Versions/A/ATS
0x0000000001c85000 	/System/Library/Frameworks/ApplicationServices.framework/Versions/A/Frameworks/ColorSync.framework/Versions/A/ColorSync
0x0000000001c85000 	/System/Library/Frameworks/ApplicationServices.framework/Versions/A/Frameworks/HIServices.framework/Versions/A/HIServices
0x0000000001c85000 	/System/Library/Frameworks/ApplicationServices.framework/Versions/A/Frameworks/LangAnalysis.framework/Versions/A/LangAnalysis
0x0000000001c85000 	/System/Library/Frameworks/ApplicationServices.framework/Versions/A/Frameworks/PrintCore.framework/Versions/A/PrintCore
0x0000000001c85000 	/System/Library/Frameworks/ApplicationServices.framework/Versions/A/Frameworks/QD.framework/Versions/A/QD
0x0000000001c85000 	/System/Library/Frameworks/ApplicationServices.framework/Versions/A/Frameworks/SpeechSynthesis.framework/Versions/A/SpeechSynthesis
0x0000000001c85000 	/System/Library/Frameworks/Metal.framework/Versions/A/Metal
0x0000000001c85000 	/System/Library/Frameworks/Accelerate.framework/Versions/A/Frameworks/vImage.framework/Versions/A/vImage
0x0000000001c85000 	/System/Library/Frameworks/Accelerate.framework/Versions/A/Frameworks/vecLib.framework/Versions/A/vecLib
0x0000000001c85000 	/System/Library/Frameworks/Accelerate.framework/Versions/A/Frameworks/vecLib.framework/Versions/A/libvDSP.dylib
0x0000000001c85000 	/System/Library/Frameworks/Accelerate.framework/Versions/A/Frameworks/vecLib.framework/Versions/A/libvMisc.dylib
0x0000000001c85000 	/System/Library/Frameworks/Accelerate.framework/Versions/A/Frameworks/vecLib.framework/Versions/A/libLAPACK.dylib
0x0000000001c85000 	/System/Library/Frameworks/Accelerate.framework/Versions/A/Frameworks/vecLib.framework/Versions/A/libBLAS.dylib
0x0000000001c85000 	/System/Library/Frameworks/Accelerate.framework/Versions/A/Frameworks/vecLib.framework/Versions/A/libLinearAlgebra.dylib
0x0000000001c85000 	/System/Library/Frameworks/Accelerate.framework/Versions/A/Frameworks/vecLib.framework/Versions/A/libSparseBLAS.dylib
0x0000000001c85000 	/System/Library/PrivateFrameworks/GPUCompiler.framework/libmetal_timestamp.dylib
0x0000000001c85000 	/System/Library/Frameworks/OpenGL.framework/Versions/A/Libraries/libCoreFSCache.dylib
0x0000000001c85000 	/System/Library/PrivateFrameworks/IOAccelerator.framework/Versions/A/IOAccelerator
0x0000000001c85000 	/System/Library/Frameworks/ApplicationServices.framework/Versions/A/Frameworks/ATS.framework/Versions/A/Resources/libFontParser.dylib
0x0000000001c85000 	/System/Library/Frameworks/ApplicationServices.framework/Versions/A/Frameworks/ATS.framework/Versions/A/Resources/libFontRegistry.dylib
0x0000000001c85000 	/System/Library/PrivateFrameworks/AppleVPA.framework/Versions/A/AppleVPA
0x0000000001c85000 	/System/Library/PrivateFrameworks/AppleJPEG.framework/Versions/A/AppleJPEG
0x0000000001c85000 	/System/Library/Frameworks/ImageIO.framework/Versions/A/Resources/libJPEG.dylib
0x0000000001c85000 	/System/Library/Frameworks/ImageIO.framework/Versions/A/Resources/libTIFF.dylib
0x0000000001c85000 	/System/Library/Frameworks/ImageIO.framework/Versions/A/Resources/libPng.dylib
0x0000000001c85000 	/System/Library/Frameworks/ImageIO.framework/Versions/A/Resources/libGIF.dylib
0x0000000001c85000 	/System/Library/Frameworks/ImageIO.framework/Versions/A/Resources/libJP2.dylib
0x0000000001c85000 	/System/Library/Frameworks/ImageIO.framework/Versions/A/Resources/libRadiance.dylib
0x0000000001c85000 	/System/Library/Frameworks/CoreVideo.framework/Versions/A/CoreVideo
0x0000000001c85000 	/System/Library/Frameworks/OpenGL.framework/Versions/A/Libraries/libGLU.dylib
0x0000000001c85000 	/System/Library/Frameworks/OpenGL.framework/Versions/A/Libraries/libGFXShared.dylib
0x0000000001c85000 	/System/Library/Frameworks/OpenGL.framework/Versions/A/Libraries/libGL.dylib
0x0000000001c85000 	/System/Library/Frameworks/OpenGL.framework/Versions/A/Libraries/libGLImage.dylib
0x0000000001c85000 	/System/Library/Frameworks/OpenGL.framework/Versions/A/Libraries/libCVMSPluginSupport.dylib
0x0000000001c85000 	/System/Library/Frameworks/OpenGL.framework/Versions/A/Libraries/libCoreVMClient.dylib
0x0000000001c85000 	/usr/lib/libcups.2.dylib
0x0000000001c85000 	/System/Library/Frameworks/Kerberos.framework/Versions/A/Kerberos
0x0000000001c85000 	/System/Library/Frameworks/GSS.framework/Versions/A/GSS
0x0000000001c85000 	/usr/lib/libresolv.9.dylib
0x0000000001c85000 	/usr/lib/libiconv.2.dylib
0x0000000001c85000 	/System/Library/PrivateFrameworks/Heimdal.framework/Versions/A/Heimdal
0x0000000001c85000 	/usr/lib/libheimdal-asn1.dylib
0x0000000001c85000 	/System/Library/Frameworks/OpenDirectory.framework/Versions/A/OpenDirectory
0x0000000001c85000 	/System/Library/PrivateFrameworks/CommonAuth.framework/Versions/A/CommonAuth
0x0000000001c85000 	/System/Library/Frameworks/OpenDirectory.framework/Versions/A/Frameworks/CFOpenDirectory.framework/Versions/A/CFOpenDirectory
0x0000000001c85000 	/System/Library/Frameworks/SecurityFoundation.framework/Versions/A/SecurityFoundation
0x0000000001c85000 	/System/Library/PrivateFrameworks/LanguageModeling.framework/Versions/A/LanguageModeling
0x0000000001c85000 	/usr/lib/libmarisa.dylib
0x0000000001c85000 	/usr/lib/libChineseTokenizer.dylib
0x0000000001c85000 	/usr/lib/libcmph.dylib
0x0000000001c85000 	/usr/lib/libcompression.dylib
0x0000000001c85000 	/System/Library/Frameworks/ServiceManagement.framework/Versions/A/ServiceManagement
0x0000000001c85000 	/usr/lib/libxslt.1.dylib
0x0000000001c85000 	/System/Library/Frameworks/Carbon.framework/Versions/A/Frameworks/Ink.framework/Versions/A/Ink
0x0000000001c85000 	/usr/lib/libFosl_dynamic.dylib
0x0000000001c85000 	/System/Library/PrivateFrameworks/FaceCore.framework/Versions/A/FaceCore
0x0000000001c85000 	/System/Library/Frameworks/OpenCL.framework/Versions/A/OpenCL
0x0000000001c85000 	/System/Library/PrivateFrameworks/CrashReporterSupport.framework/Versions/A/CrashReporterSupport
0x0000000001c85000 	/System/Library/PrivateFrameworks/IconServices.framework/Versions/A/IconServices
0x0000000001c85000 	/System/Library/PrivateFrameworks/Apple80211.framework/Versions/A/Apple80211
0x0000000001c85000 	/System/Library/Frameworks/CoreWLAN.framework/Versions/A/CoreWLAN
0x0000000001c85000 	/System/Library/Frameworks/IOBluetooth.framework/Versions/A/IOBluetooth
0x0000000001c85000 	/System/Library/PrivateFrameworks/CoreWiFi.framework/Versions/A/CoreWiFi
0x0000000001c85000 	/System/Library/Frameworks/CoreBluetooth.framework/Versions/A/CoreBluetooth
0x0000000001c85000 	/System/Library/PrivateFrameworks/ChunkingLibrary.framework/Versions/A/ChunkingLibrary
0x0000000001c85000 	/System/Library/PrivateFrameworks/DebugSymbols.framework/Versions/A/DebugSymbols
0x0000000001c85000 	/System/Library/PrivateFrameworks/CoreSymbolication.framework/Versions/A/CoreSymbolication
0x0000000001c85000 	/System/Library/PrivateFrameworks/Symbolication.framework/Versions/A/Symbolication
0x0000000001c85000 	/System/Library/PrivateFrameworks/SpeechRecognitionCore.framework/Versions/A/SpeechRecognitionCore
0x00000001011bc000 	/Library/Java/JavaVirtualMachines/jdk1.8.0_60.jdk/Contents/Home/jre/lib/server/libjvm.dylib
0x0000000001c85000 	/usr/lib/libstdc++.6.dylib
0x0000000102149000 	/Library/Java/JavaVirtualMachines/jdk1.8.0_60.jdk/Contents/Home/jre/lib/libverify.dylib
0x0000000102157000 	/Library/Java/JavaVirtualMachines/jdk1.8.0_60.jdk/Contents/Home/jre/lib/libjava.dylib
0x0000000102196000 	/Library/Java/JavaVirtualMachines/jdk1.8.0_60.jdk/Contents/Home/jre/lib/libzip.dylib
0x0000000118312000 	/System/Library/Frameworks/JavaVM.framework/Frameworks/JavaRuntimeSupport.framework/JavaRuntimeSupport
0x000000011832d000 	/System/Library/Frameworks/JavaVM.framework/Versions/A/Frameworks/JavaNativeFoundation.framework/Versions/A/JavaNativeFoundation
0x00000001021f0000 	/System/Library/Frameworks/JavaVM.framework/Versions/A/JavaVM
0x0000000001c85000 	/System/Library/Frameworks/Carbon.framework/Versions/A/Carbon
0x0000000118342000 	/System/Library/PrivateFrameworks/JavaLaunching.framework/Versions/A/JavaLaunching
0x0000000001c85000 	/System/Library/Frameworks/Carbon.framework/Versions/A/Frameworks/CommonPanels.framework/Versions/A/CommonPanels
0x0000000001c85000 	/System/Library/Frameworks/Carbon.framework/Versions/A/Frameworks/Help.framework/Versions/A/Help
0x0000000001c85000 	/System/Library/Frameworks/Carbon.framework/Versions/A/Frameworks/ImageCapture.framework/Versions/A/ImageCapture
0x0000000001c85000 	/System/Library/Frameworks/Carbon.framework/Versions/A/Frameworks/OpenScripting.framework/Versions/A/OpenScripting
0x0000000001c85000 	/System/Library/Frameworks/Carbon.framework/Versions/A/Frameworks/Print.framework/Versions/A/Print
0x0000000001c85000 	/System/Library/Frameworks/Carbon.framework/Versions/A/Frameworks/SecurityHI.framework/Versions/A/SecurityHI
0x0000000119cee000 	/Library/Java/JavaVirtualMachines/jdk1.8.0_60.jdk/Contents/Home/jre/lib/libawt.dylib
0x0000000119d96000 	/Library/Java/JavaVirtualMachines/jdk1.8.0_60.jdk/Contents/Home/jre/lib/./libmlib_image.dylib
0x0000000119e62000 	/Library/Java/JavaVirtualMachines/jdk1.8.0_60.jdk/Contents/Home/jre/lib/libawt_lwawt.dylib
0x0000000119f17000 	/Library/Java/JavaVirtualMachines/jdk1.8.0_60.jdk/Contents/Home/jre/lib/./libosxapp.dylib
0x0000000001c85000 	/System/Library/Frameworks/ExceptionHandling.framework/Versions/A/ExceptionHandling
0x0000000001c85000 	/System/Library/PrivateFrameworks/CoreServicesInternal.framework/Versions/A/CoreServicesInternal
0x0000000001c85000 	/System/Library/Frameworks/CoreGraphics.framework/Versions/A/Resources/libRIP.A.dylib
0x0000000001c85000 	/System/Library/Frameworks/Accelerate.framework/Versions/A/Frameworks/vImage.framework/Versions/A/Libraries/libCGInterfaces.dylib
0x0000000001c85000 	/System/Library/Frameworks/CoreGraphics.framework/Versions/A/Resources/libCGXType.A.dylib
0x0000000001c85000 	/System/Library/Frameworks/OpenCL.framework/Versions/A/Libraries/libcldcpuengine.dylib
0x0000000001c85000 	/System/Library/PrivateFrameworks/DiskImages.framework/Versions/A/DiskImages
0x0000000001c85000 	/System/Library/Frameworks/DiscRecording.framework/Versions/A/DiscRecording
0x0000000001c85000 	/usr/lib/libcsfde.dylib
0x0000000001c85000 	/usr/lib/libcurl.4.dylib
0x0000000001c85000 	/System/Library/PrivateFrameworks/MediaKit.framework/Versions/A/MediaKit
0x0000000001c85000 	/System/Library/PrivateFrameworks/ProtectedCloudStorage.framework/Versions/A/ProtectedCloudStorage
0x0000000001c85000 	/usr/lib/libCoreStorage.dylib
0x0000000001c85000 	/System/Library/PrivateFrameworks/EFILogin.framework/Versions/A/EFILogin
0x0000000001c85000 	/usr/lib/libutil.dylib
0x0000000001c85000 	/System/Library/PrivateFrameworks/FindMyDevice.framework/Versions/A/FindMyDevice
0x0000000001c85000 	/System/Library/Frameworks/LDAP.framework/Versions/A/LDAP
0x0000000001c85000 	/usr/lib/libsasl2.2.dylib
0x0000000001c85000 	/System/Library/PrivateFrameworks/CoreDaemon.framework/Versions/B/CoreDaemon
0x0000000001c85000 	/usr/lib/libcrypto.0.9.8.dylib
0x0000000001c85000 	/System/Library/PrivateFrameworks/AppleSRP.framework/Versions/A/AppleSRP
0x0000000001c85000 	/System/Library/PrivateFrameworks/TrustEvaluationAgent.framework/Versions/A/TrustEvaluationAgent
0x000000011bd64000 	cl_kernels
0x0000000001c85000 	/System/Library/Frameworks/OpenCL.framework/Versions/A/Libraries/ImageFormats/unorm8_bgra.dylib
0x0000000001c85000 	/System/Library/Frameworks/OpenCL.framework/Versions/A/Libraries/ImageFormats/unorm8_rgba.dylib
0x0000000001c85000 	/System/Library/PrivateFrameworks/FamilyControls.framework/Versions/A/FamilyControls
0x0000000001c85000 	/System/Library/PrivateFrameworks/CommerceKit.framework/Versions/A/Frameworks/CommerceCore.framework/Versions/A/CommerceCore
0x0000000001c85000 	/System/Library/PrivateFrameworks/SystemAdministration.framework/Versions/A/SystemAdministration
0x0000000001c85000 	/System/Library/PrivateFrameworks/AppContainer.framework/Versions/A/AppContainer
0x0000000001c85000 	/System/Library/PrivateFrameworks/SecCodeWrapper.framework/Versions/A/SecCodeWrapper
0x0000000001c85000 	/System/Library/Frameworks/DirectoryService.framework/Versions/A/DirectoryService
0x0000000001c85000 	/System/Library/PrivateFrameworks/LoginUIKit.framework/Versions/A/Frameworks/LoginUICore.framework/Versions/A/LoginUICore
0x0000000001c85000 	/usr/lib/libodfde.dylib
0x000000011d147000 	/Library/Java/JavaVirtualMachines/jdk1.8.0_60.jdk/Contents/Home/jre/lib/libjpeg.dylib
0x000000011d187000 	/Library/Java/JavaVirtualMachines/jdk1.8.0_60.jdk/Contents/Home/jre/lib/liblcms.dylib
0x000000011d20f000 	/private/var/folders/nv/tn8gf4qx33l86fjt1h5s8yr00000gp/T/jna--469709664/jna7720388066837724861.tmp
0x000000011d6bc000 	/usr/local/lib/libtesseract.dylib
0x000000011dcdb000 	/opt/local/lib/liblept.4.dylib
0x000000011d225000 	/opt/local/lib/libz.1.dylib
0x000000011d239000 	/opt/local/lib/libpng16.16.dylib
0x000000011d264000 	/opt/local/lib/libjpeg.9.dylib
0x000000011bd56000 	/opt/local/lib/libgif.4.dylib
0x000000011d559000 	/opt/local/lib/libtiff.5.dylib
0x000000011d5c1000 	/opt/local/lib/libwebp.5.dylib
0x000000011d611000 	/opt/local/lib/libopenjp2.7.dylib
0x000000011d298000 	/opt/local/lib/libSM.6.dylib
0x000000011d63c000 	/opt/local/lib/libICE.6.dylib
0x000000011de97000 	/opt/local/lib/libX11.6.dylib
0x000000011d655000 	/opt/local/lib/libxcb.1.dylib
0x000000011b177000 	/opt/local/lib/libXau.6.dylib
0x000000011d673000 	/opt/local/lib/libXdmcp.6.dylib
0x000000011dfb0000 	/opt/local/lib/liblzma.5.dylib
0x000000011d679000 	/Library/Java/JavaVirtualMachines/jdk1.8.0_60.jdk/Contents/Home/jre/lib/libnio.dylib
0x000000011e0cb000 	/Library/Java/JavaVirtualMachines/jdk1.8.0_60.jdk/Contents/Home/jre/lib/./libnet.dylib

VM Arguments:
jvm_args: -Dfile.encoding=UTF-8 
java_command: tesseractpart1.Tesseractpart1
java_class_path (initial): /Users/samarthmadduru/Desktop/Tess4J/lib/slf4j-api-1.7.19.jar:/Users/samarthmadduru/Desktop/Tess4J/lib/ghost4j-1.0.1.jar:/Users/samarthmadduru/Desktop/Tess4J/lib/logback-classic-1.1.6.jar:/Users/samarthmadduru/Desktop/Tess4J/lib/logback-core-1.1.6.jar:/Users/samarthmadduru/Desktop/Tess4J/lib/jul-to-slf4j-1.7.19.jar:/Users/samarthmadduru/Desktop/Tess4J/lib/lept4j-1.1.2.jar:/Users/samarthmadduru/Desktop/Tess4J/lib/jna-4.2.2.jar:/Users/samarthmadduru/Desktop/Tess4J/lib/jai-imageio-core-1.3.1.jar:/Users/samarthmadduru/Desktop/Tess4J/lib/commons-logging-1.2.jar:/Users/samarthmadduru/Desktop/Tess4J/lib/commons-beanutils-1.9.2.jar:/Users/samarthmadduru/Desktop/Tess4J/lib/hamcrest-core-1.3.jar:/Users/samarthmadduru/Desktop/Tess4J/lib/junit-4.12.jar:/Users/samarthmadduru/Desktop/Tess4J/lib/rococoa-core-0.5.jar:/Users/samarthmadduru/Desktop/Tess4J/lib/commons-io-2.4.jar:/Users/samarthmadduru/Desktop/Tess4J/lib/log4j-1.2.17.jar:/Users/samarthmadduru/Desktop/Tess4J/lib/itext-2.1.7.jar:/Users/samarthmadduru/Desktop/Tess4J/lib/xmlgraphics-commons-1.5.jar:/Users/samarthmadduru/NetBeansProjects/tesseractpart1/build/classes
Launcher Type: SUN_STANDARD

Environment Variables:
PATH=/usr/bin:/bin:/usr/sbin:/sbin
LD_LIBRARY_PATH=/Library/Java/JavaVirtualMachines/jdk1.8.0_60.jdk/Contents/Home/jre/lib/amd64:/Library/Java/JavaVirtualMachines/jdk1.8.0_60.jdk/Contents/Home/jre/lib/i386:
SHELL=/bin/bash

Signal Handlers:
SIGSEGV: [libjvm.dylib+0x5a6d31], sa_mask[0]=11111111011111110111111111111111, sa_flags=SA_ONSTACK|SA_RESTART|SA_SIGINFO
SIGBUS: [libjvm.dylib+0x5a6d31], sa_mask[0]=11111111011111110111111111111111, sa_flags=SA_RESTART|SA_SIGINFO
SIGFPE: [libjvm.dylib+0x480a4c], sa_mask[0]=11111111011111110111111111111111, sa_flags=SA_RESTART|SA_SIGINFO
SIGPIPE: [libjvm.dylib+0x480a4c], sa_mask[0]=11111111011111110111111111111111, sa_flags=SA_RESTART|SA_SIGINFO
SIGXFSZ: [libjvm.dylib+0x480a4c], sa_mask[0]=11111111011111110111111111111111, sa_flags=SA_RESTART|SA_SIGINFO
SIGILL: [libjvm.dylib+0x480a4c], sa_mask[0]=11111111011111110111111111111111, sa_flags=SA_RESTART|SA_SIGINFO
SIGUSR1: SIG_DFL, sa_mask[0]=00000000000000000000000000000000, sa_flags=none
SIGUSR2: [libjvm.dylib+0x48056a], sa_mask[0]=00100000000000000000000000000000, sa_flags=SA_RESTART|SA_SIGINFO
SIGHUP: [libjvm.dylib+0x47eb41], sa_mask[0]=11111111011111110111111111111111, sa_flags=SA_RESTART|SA_SIGINFO
SIGINT: SIG_IGN, sa_mask[0]=00000000000000000000000000000000, sa_flags=none
SIGTERM: [libjvm.dylib+0x47eb41], sa_mask[0]=11111111011111110111111111111111, sa_flags=SA_RESTART|SA_SIGINFO
SIGQUIT: [libjvm.dylib+0x47eb41], sa_mask[0]=11111111011111110111111111111111, sa_flags=SA_RESTART|SA_SIGINFO


---------------  S Y S T E M  ---------------

OS:Bsduname:Darwin 15.0.0 Darwin Kernel Version 15.0.0: Wed Aug 26 19:41:34 PDT 2015; root:xnu-3247.1.106~5/RELEASE_X86_64 x86_64
rlimit: STACK 8192k, CORE 0k, NPROC 709, NOFILE 10240, AS infinity
load average:1.90 1.90 1.77

CPU:total 4 (2 cores per cpu, 2 threads per core) family 6 model 61 stepping 4, cmov, cx8, fxsr, mmx, sse, sse2, sse3, ssse3, sse4.1, sse4.2, popcnt, avx, avx2, aes, clmul, erms, 3dnowpref, lzcnt, ht, tsc, tscinvbit, bmi1, bmi2, adx

Memory: 4k page, physical 8388608k(55480k free)

/proc/meminfo:


vm_info: Java HotSpot(TM) 64-Bit Server VM (25.60-b23) for bsd-amd64 JRE (1.8.0_60-b27), built on Aug  4 2015 10:47:24 by "java_re" with gcc 4.2.1 (Based on Apple Inc. build 5658) (LLVM build 2336.11.00)

time: Fri Apr 22 14:43:52 2016
elapsed time: 4 seconds (0d 0h 0m 4s)

