#
# A fatal error has been detected by the Java Runtime Environment:
#
#  SIGSEGV (0xb) at pc=0x000000012085732e, pid=41516, tid=5891
#
# JRE version: Java(TM) SE Runtime Environment (8.0_60-b27) (build 1.8.0_60-b27)
# Java VM: Java HotSpot(TM) 64-Bit Server VM (25.60-b23 mixed mode bsd-amd64 compressed oops)
# Problematic frame:
# C  [libtesseract.dylib+0x1732e]  _ZN9tesseract9Tesseract15recog_all_wordsEP8PAGE_RESP10ETEXT_DESCPK4TBOXPKci+0xbe
#
# Failed to write core dump. Core dumps have been disabled. To enable core dumping, try "ulimit -c unlimited" before starting Java again
#
# If you would like to submit a bug report, please visit:
#   http://bugreport.java.com/bugreport/crash.jsp
# The crash happened outside the Java Virtual Machine in native code.
# See problematic frame for where to report the bug.
#

---------------  T H R E A D  ---------------

Current thread (0x00007fe75a002000):  JavaThread "main" [_thread_in_native, id=5891, stack(0x000070000011a000,0x000070000021a000)]

siginfo: si_signo: 11 (SIGSEGV), si_code: 1 (SEGV_MAPERR), si_addr: 0x000000000000000c

Registers:
RAX=0x0000000000000000, RBX=0x0000000000000000, RCX=0x0000000000000000, RDX=0x0000000000000000
RSP=0x00007000002186b0, RBP=0x0000700000218840, RSI=0x0000000000000000, RDI=0x00007000002187f8
R8 =0x0000000000000000, R9 =0x0000000000000000, R10=0x000000000000001b, R11=0x00007fe758500000
R12=0x00007fe7591baa00, R13=0x00007fe7591baa00, R14=0x0000000000000000, R15=0x00007fe7585b6780
RIP=0x000000012085732e, EFLAGS=0x0000000000010246, ERR=0x0000000000000004
  TRAPNO=0x000000000000000e

Top of Stack: (sp=0x00007000002186b0)
0x00007000002186b0:   00007fe7585b76c8 00000000585b7650
0x00007000002186c0:   0000000000000000 0000000000000000
0x00007000002186d0:   0000700000210000 00007fe7585b7510
0x00007000002186e0:   00007fe75868d901 00007fe7585b9720
0x00007000002186f0:   00007fe7585b6048 00007fe7585b76a0
0x0000700000218700:   0000000000000000 00007fe7585b6050
0x0000700000218710:   0000700000218790 00000001209b52e7
0x0000700000218720:   00007fe7585b6780 0000000000000000
0x0000700000218730:   0000000000000000 0000000000000000
0x0000700000218740:   00007fe7585b5560 00007fe7585b6050
0x0000700000218750:   00007fe7585b6020 00007fe7585b4350
0x0000700000218760:   00007fe7585b6050 00007fe7585b6020
0x0000700000218770:   00007fe7585b6788 00007fe7585b6020
0x0000700000218780:   00007fe7585b6020 00007fe7585b6020
0x0000700000218790:   0000700000210000 00007fe7585b6020
0x00007000002187a0:   0000000000000000 00007fe7585b6048
0x00007000002187b0:   00007fe7585b9720 00007fe7585b6050
0x00007000002187c0:   00007fe7585b5890 00007fe7591b0000
0x00007000002187d0:   00007fe7585b6050 0000000000000000
0x00007000002187e0:   00007fe7585b6070 00007fe7585b4350
0x00007000002187f0:   00007fe7585b4500 00007fe7585b46b0
0x0000700000218800:   0000700000210000 00007fe7585b5560
0x0000700000218810:   00007fe7591baa01 0000000000000001
0x0000700000218820:   00007fe7585b6780 00007fe7591baa00
0x0000700000218830:   00000000ffffffff 00007fe758595680
0x0000700000218840:   00007000002188b0 0000000120843677
0x0000700000218850:   00007fe758595680 000000011a38c97b
0x0000700000218860:   00007000002188c0 000000011a38ccc8
0x0000700000218870:   0000000000000000 010000011a38c9d8
0x0000700000218880:   0000000000000000 00007fe758595680
0x0000700000218890:   0000000000000001 0000000000000001
0x00007000002188a0:   0000000000000000 f900f7107350b965 

Instructions: (pc=0x000000012085732e)
0x000000012085730e:   7e 10 89 9d 7c fe ff ff 4c 89 e7 e8 a2 cd 0f 00
0x000000012085731e:   eb 1c 89 9d 7c fe ff ff 49 8b 84 24 10 0b 00 00
0x000000012085732e:   80 78 0c 00 74 08 4c 89 e7 e8 44 ce 0f 00 4d 89
0x000000012085733e:   f5 41 83 bc 24 18 4c 00 00 00 7e 48 31 db 0f 1f 

Register to memory mapping:

RAX=0x0000000000000000 is an unknown value
RBX=0x0000000000000000 is an unknown value
RCX=0x0000000000000000 is an unknown value
RDX=0x0000000000000000 is an unknown value
RSP=0x00007000002186b0 is pointing into the stack for thread: 0x00007fe75a002000
RBP=0x0000700000218840 is pointing into the stack for thread: 0x00007fe75a002000
RSI=0x0000000000000000 is an unknown value
RDI=0x00007000002187f8 is pointing into the stack for thread: 0x00007fe75a002000
R8 =0x0000000000000000 is an unknown value
R9 =0x0000000000000000 is an unknown value
R10=0x000000000000001b is an unknown value
R11=0x00007fe758500000 is an unknown value
R12=0x00007fe7591baa00 is an unknown value
R13=0x00007fe7591baa00 is an unknown value
R14=0x0000000000000000 is an unknown value
R15=0x00007fe7585b6780 is an unknown value


Stack: [0x000070000011a000,0x000070000021a000],  sp=0x00007000002186b0,  free space=1017k
Native frames: (J=compiled Java code, j=interpreted, Vv=VM code, C=native code)
C  [libtesseract.dylib+0x1732e]  _ZN9tesseract9Tesseract15recog_all_wordsEP8PAGE_RESP10ETEXT_DESCPK4TBOXPKci+0xbe
C  [libtesseract.dylib+0x3677]  _ZN9tesseract11TessBaseAPI9RecognizeEP10ETEXT_DESC+0x2f7
C  [libtesseract.dylib+0x2023]  _ZN9tesseract11TessBaseAPI11GetUTF8TextEv+0x33
C  [jna5252506934614483156.tmp+0xe134]  ffi_call_unix64+0x4c
C  0x0000700000219308

Java frames: (J=compiled Java code, j=interpreted, Vv=VM code)
j  com.sun.jna.Native.invokePointer(JI[Ljava/lang/Object;)J+0
j  com.sun.jna.Function.invokePointer(I[Ljava/lang/Object;)Lcom/sun/jna/Pointer;+6
j  com.sun.jna.Function.invoke([Ljava/lang/Object;Ljava/lang/Class;Z)Ljava/lang/Object;+414
j  com.sun.jna.Function.invoke(Ljava/lang/reflect/Method;[Ljava/lang/Class;Ljava/lang/Class;[Ljava/lang/Object;Ljava/util/Map;)Ljava/lang/Object;+249
j  com.sun.jna.Library$Handler.invoke(Ljava/lang/Object;Ljava/lang/reflect/Method;[Ljava/lang/Object;)Ljava/lang/Object;+348
j  com.sun.proxy.$Proxy0.TessBaseAPIGetUTF8Text(Lnet/sourceforge/tess4j/ITessAPI$TessBaseAPI;)Lcom/sun/jna/Pointer;+16
j  net.sourceforge.tess4j.Tesseract.getOCRText(Ljava/lang/String;I)Ljava/lang/String;+62
j  net.sourceforge.tess4j.Tesseract.doOCR(Ljava/util/List;Ljava/lang/String;Ljava/awt/Rectangle;)Ljava/lang/String;+69
j  net.sourceforge.tess4j.Tesseract.doOCR(Ljava/io/File;Ljava/awt/Rectangle;)Ljava/lang/String;+10
j  net.sourceforge.tess4j.Tesseract.doOCR(Ljava/io/File;)Ljava/lang/String;+3
j  tesseractpart1.Tesseractpart1.main([Ljava/lang/String;)V+16
v  ~StubRoutines::call_stub

---------------  P R O C E S S  ---------------

Java Threads: ( => current thread )
  0x00007fe75a192000 JavaThread "Java2D Disposer" daemon [_thread_blocked, id=48675, stack(0x00007000012d6000,0x00007000013d6000)]
  0x00007fe75a14e000 JavaThread "AWT-Shutdown" [_thread_blocked, id=28947, stack(0x00007000010cd000,0x00007000011cd000)]
  0x00007fe7598da000 JavaThread "AWT-AppKit" daemon [_thread_in_native, id=2571, stack(0x00007fff5aabf000,0x00007fff5b2bf000)]
  0x00007fe75882c800 JavaThread "Service Thread" daemon [_thread_blocked, id=18435, stack(0x0000700000dc1000,0x0000700000ec1000)]
  0x00007fe75a045000 JavaThread "C1 CompilerThread2" daemon [_thread_blocked, id=17923, stack(0x0000700000cbe000,0x0000700000dbe000)]
  0x00007fe75a044000 JavaThread "C2 CompilerThread1" daemon [_thread_blocked, id=17411, stack(0x0000700000bbb000,0x0000700000cbb000)]
  0x00007fe75a042800 JavaThread "C2 CompilerThread0" daemon [_thread_blocked, id=16899, stack(0x0000700000ab8000,0x0000700000bb8000)]
  0x00007fe75a023000 JavaThread "Signal Dispatcher" daemon [_thread_blocked, id=12815, stack(0x00007000009b5000,0x0000700000ab5000)]
  0x00007fe759016800 JavaThread "Finalizer" daemon [_thread_blocked, id=12291, stack(0x000070000082f000,0x000070000092f000)]
  0x00007fe759015800 JavaThread "Reference Handler" daemon [_thread_blocked, id=11779, stack(0x000070000072c000,0x000070000082c000)]
=>0x00007fe75a002000 JavaThread "main" [_thread_in_native, id=5891, stack(0x000070000011a000,0x000070000021a000)]

Other Threads:
  0x00007fe75982f000 VMThread [stack: 0x0000700000629000,0x0000700000729000] [id=11267]
  0x00007fe75901e000 WatcherThread [stack: 0x0000700000ec4000,0x0000700000fc4000] [id=18947]

VM state:not at safepoint (normal execution)

VM Mutex/Monitor currently owned by a thread: None

Heap:
 PSYoungGen      total 38400K, used 27723K [0x0000000795580000, 0x0000000798000000, 0x00000007c0000000)
  eden space 33280K, 67% used [0x0000000795580000,0x0000000796b98a88,0x0000000797600000)
  from space 5120K, 99% used [0x0000000797600000,0x0000000797afa1c0,0x0000000797b00000)
  to   space 5120K, 0% used [0x0000000797b00000,0x0000000797b00000,0x0000000798000000)
 ParOldGen       total 87552K, used 10403K [0x0000000740000000, 0x0000000745580000, 0x0000000795580000)
  object space 87552K, 11% used [0x0000000740000000,0x0000000740a28dd0,0x0000000745580000)
 Metaspace       used 9257K, capacity 9464K, committed 9728K, reserved 1058816K
  class space    used 1094K, capacity 1178K, committed 1280K, reserved 1048576K

Card table byte_map: [0x00000001157c0000,0x0000000115bc1000] byte_map_base: 0x0000000111dc0000

Marking Bits: (ParMarkBitMap*) 0x000000010549be20
 Begin Bits: [0x0000000115e6c000, 0x0000000117e6c000)
 End Bits:   [0x0000000117e6c000, 0x0000000119e6c000)

Polling page: 0x0000000105b8d000

CodeCache: size=245760Kb used=2992Kb max_used=3000Kb free=242767Kb
 bounds [0x0000000106400000, 0x0000000106700000, 0x0000000115400000]
 total_blobs=1097 nmethods=729 adapters=282
 compilation: enabled

Compilation events (10 events):
Event: 1.969 Thread 0x00007fe75a044000  725  s    4       java.io.ByteArrayOutputStream::write (66 bytes)
Event: 1.969 Thread 0x00007fe75a042800  726       4       java.lang.Math::min (12 bytes)
Event: 1.970 Thread 0x00007fe75a042800 nmethod 726 0x00000001066edcd0 code [0x00000001066ede20, 0x00000001066ede98]
Event: 1.970 Thread 0x00007fe75a042800  727       4       java.io.RandomAccessFile::readFully (45 bytes)
Event: 1.971 Thread 0x00007fe75a042800 nmethod 727 0x00000001066ec4d0 code [0x00000001066ec620, 0x00000001066ec6e8]
Event: 1.973 Thread 0x00007fe75a044000 nmethod 725 0x00000001066ebc10 code [0x00000001066ebd80, 0x00000001066ec268]
Event: 2.017 Thread 0x00007fe75a045000  728       3       java.lang.StringBuilder::append (8 bytes)
Event: 2.017 Thread 0x00007fe75a045000 nmethod 728 0x00000001066eb690 code [0x00000001066eb800, 0x00000001066eb988]
Event: 2.017 Thread 0x00007fe75a045000  729       3       java.lang.AbstractStringBuilder::append (62 bytes)
Event: 2.018 Thread 0x00007fe75a045000 nmethod 729 0x00000001066ed050 code [0x00000001066ed220, 0x00000001066ed908]

GC Heap History (2 events):
Event: 1.885 GC heap before
{Heap before GC invocations=1 (full 0):
 PSYoungGen      total 38400K, used 33280K [0x0000000795580000, 0x0000000798000000, 0x00000007c0000000)
  eden space 33280K, 100% used [0x0000000795580000,0x0000000797600000,0x0000000797600000)
  from space 5120K, 0% used [0x0000000797b00000,0x0000000797b00000,0x0000000798000000)
  to   space 5120K, 0% used [0x0000000797600000,0x0000000797600000,0x0000000797b00000)
 ParOldGen       total 87552K, used 0K [0x0000000740000000, 0x0000000745580000, 0x0000000795580000)
  object space 87552K, 0% used [0x0000000740000000,0x0000000740000000,0x0000000745580000)
 Metaspace       used 9012K, capacity 9208K, committed 9344K, reserved 1056768K
  class space    used 1029K, capacity 1114K, committed 1152K, reserved 1048576K
Event: 1.901 GC heap after
Heap after GC invocations=1 (full 0):
 PSYoungGen      total 38400K, used 5096K [0x0000000795580000, 0x0000000798000000, 0x00000007c0000000)
  eden space 33280K, 0% used [0x0000000795580000,0x0000000795580000,0x0000000797600000)
  from space 5120K, 99% used [0x0000000797600000,0x0000000797afa1c0,0x0000000797b00000)
  to   space 5120K, 0% used [0x0000000797b00000,0x0000000797b00000,0x0000000798000000)
 ParOldGen       total 87552K, used 10403K [0x0000000740000000, 0x0000000745580000, 0x0000000795580000)
  object space 87552K, 11% used [0x0000000740000000,0x0000000740a28dd0,0x0000000745580000)
 Metaspace       used 9012K, capacity 9208K, committed 9344K, reserved 1056768K
  class space    used 1029K, capacity 1114K, committed 1152K, reserved 1048576K
}

Deoptimization events (3 events):
Event: 1.455 Thread 0x00007fe75a002000 Uncommon trap: reason=unstable_if action=reinterpret pc=0x000000010662c7e0 method=java.util.HashMap.getNode(ILjava/lang/Object;)Ljava/util/HashMap$Node; @ 129
Event: 1.458 Thread 0x00007fe75a002000 Uncommon trap: reason=unstable_if action=reinterpret pc=0x0000000106634348 method=java.util.HashMap.getNode(ILjava/lang/Object;)Ljava/util/HashMap$Node; @ 129
Event: 1.980 Thread 0x00007fe75a002000 Uncommon trap: reason=unstable_if action=reinterpret pc=0x00000001066ede68 method=java.lang.Math.min(JJ)J @ 3

Internal exceptions (10 events):
Event: 0.083 Thread 0x00007fe75a002000 Exception <a 'java/lang/NoSuchMethodError': Method sun.misc.Unsafe.prefetchRead(Ljava/lang/Object;J)V name or signature does not match> (0x0000000795593058) thrown at [/Users/java_re/workspace/8-2-build-macosx-x86_64/jdk8u60/4407/hotspot/src/share/vm/prim
Event: 0.319 Thread 0x00007fe75a002000 Exception <a 'java/security/PrivilegedActionException'> (0x0000000795812600) thrown at [/Users/java_re/workspace/8-2-build-macosx-x86_64/jdk8u60/4407/hotspot/src/share/vm/prims/jvm.cpp, line 1386]
Event: 0.319 Thread 0x00007fe75a002000 Exception <a 'java/security/PrivilegedActionException'> (0x0000000795812810) thrown at [/Users/java_re/workspace/8-2-build-macosx-x86_64/jdk8u60/4407/hotspot/src/share/vm/prims/jvm.cpp, line 1386]
Event: 0.320 Thread 0x00007fe75a002000 Exception <a 'java/security/PrivilegedActionException'> (0x0000000795815ab0) thrown at [/Users/java_re/workspace/8-2-build-macosx-x86_64/jdk8u60/4407/hotspot/src/share/vm/prims/jvm.cpp, line 1386]
Event: 0.320 Thread 0x00007fe75a002000 Exception <a 'java/security/PrivilegedActionException'> (0x0000000795815cc0) thrown at [/Users/java_re/workspace/8-2-build-macosx-x86_64/jdk8u60/4407/hotspot/src/share/vm/prims/jvm.cpp, line 1386]
Event: 0.489 Thread 0x00007fe75a002000 Exception <a 'java/io/FileNotFoundException'> (0x000000079592fd28) thrown at [/Users/java_re/workspace/8-2-build-macosx-x86_64/jdk8u60/4407/hotspot/src/share/vm/prims/jni.cpp, line 709]
Event: 0.672 Thread 0x00007fe75a002000 Exception <a 'java/lang/NoSuchFieldError': method resolution failed> (0x0000000795b12598) thrown at [/Users/java_re/workspace/8-2-build-macosx-x86_64/jdk8u60/4407/hotspot/src/share/vm/prims/methodHandles.cpp, line 1146]
Event: 0.676 Thread 0x00007fe75a002000 Exception <a 'java/lang/NoSuchFieldError': method resolution failed> (0x0000000795b1fcb8) thrown at [/Users/java_re/workspace/8-2-build-macosx-x86_64/jdk8u60/4407/hotspot/src/share/vm/prims/methodHandles.cpp, line 1146]
Event: 1.048 Thread 0x00007fe75a002000 Exception <a 'java/io/FileNotFoundException'> (0x0000000795b9a2e8) thrown at [/Users/java_re/workspace/8-2-build-macosx-x86_64/jdk8u60/4407/hotspot/src/share/vm/prims/jni.cpp, line 709]
Event: 1.049 Thread 0x00007fe75a002000 Exception <a 'java/io/FileNotFoundException'> (0x0000000795b9ae40) thrown at [/Users/java_re/workspace/8-2-build-macosx-x86_64/jdk8u60/4407/hotspot/src/share/vm/prims/jni.cpp, line 709]

Events (10 events):
Event: 1.940 loading class java/awt/image/DataBufferInt done
Event: 1.980 Thread 0x00007fe75a002000 Uncommon trap: trap_request=0xffffff65 fr.pc=0x00000001066ede68
Event: 1.980 Thread 0x00007fe75a002000 DEOPT PACKING pc=0x00000001066ede68 sp=0x0000700000219490
Event: 1.980 Thread 0x00007fe75a002000 DEOPT UNPACKING pc=0x0000000106405229 sp=0x0000700000219458 mode 2
Event: 2.001 loading class java/nio/DirectByteBuffer$Deallocator
Event: 2.001 loading class java/nio/DirectByteBuffer$Deallocator done
Event: 2.003 loading class java/lang/StrictMath
Event: 2.003 loading class java/lang/StrictMath done
Event: 2.004 loading class com/sun/jna/Native$Buffers
Event: 2.004 loading class com/sun/jna/Native$Buffers done


Dynamic libraries:
0x0000000001c85000 	/System/Library/Frameworks/Cocoa.framework/Versions/A/Cocoa
0x0000000001c85000 	/System/Library/Frameworks/Security.framework/Versions/A/Security
0x0000000001c85000 	/System/Library/Frameworks/ApplicationServices.framework/Versions/A/ApplicationServices
0x0000000001c85000 	/usr/lib/libz.1.dylib
0x0000000001c85000 	/usr/lib/libSystem.B.dylib
0x0000000001c85000 	/usr/lib/libobjc.A.dylib
0x0000000001c85000 	/System/Library/Frameworks/CoreFoundation.framework/Versions/A/CoreFoundation
0x0000000001c85000 	/System/Library/Frameworks/Foundation.framework/Versions/C/Foundation
0x0000000001c85000 	/System/Library/Frameworks/AppKit.framework/Versions/C/AppKit
0x0000000001c85000 	/System/Library/Frameworks/CoreData.framework/Versions/A/CoreData
0x0000000001c85000 	/System/Library/PrivateFrameworks/RemoteViewServices.framework/Versions/A/RemoteViewServices
0x0000000001c85000 	/System/Library/PrivateFrameworks/UIFoundation.framework/Versions/A/UIFoundation
0x0000000001c85000 	/usr/lib/libScreenReader.dylib
0x0000000001c85000 	/System/Library/Frameworks/Accelerate.framework/Versions/A/Accelerate
0x0000000001c85000 	/System/Library/Frameworks/IOSurface.framework/Versions/A/IOSurface
0x0000000001c85000 	/System/Library/Frameworks/AudioToolbox.framework/Versions/A/AudioToolbox
0x0000000001c85000 	/System/Library/Frameworks/AudioUnit.framework/Versions/A/AudioUnit
0x0000000001c85000 	/System/Library/PrivateFrameworks/DataDetectorsCore.framework/Versions/A/DataDetectorsCore
0x0000000001c85000 	/System/Library/PrivateFrameworks/DesktopServicesPriv.framework/Versions/A/DesktopServicesPriv
0x0000000001c85000 	/System/Library/Frameworks/Carbon.framework/Versions/A/Frameworks/HIToolbox.framework/Versions/A/HIToolbox
0x0000000001c85000 	/System/Library/Frameworks/QuartzCore.framework/Versions/A/QuartzCore
0x0000000001c85000 	/System/Library/Frameworks/Carbon.framework/Versions/A/Frameworks/SpeechRecognition.framework/Versions/A/SpeechRecognition
0x0000000001c85000 	/usr/lib/libauto.dylib
0x0000000001c85000 	/usr/lib/libicucore.A.dylib
0x0000000001c85000 	/usr/lib/libxml2.2.dylib
0x0000000001c85000 	/System/Library/PrivateFrameworks/CoreUI.framework/Versions/A/CoreUI
0x0000000001c85000 	/System/Library/Frameworks/CoreAudio.framework/Versions/A/CoreAudio
0x0000000001c85000 	/System/Library/Frameworks/DiskArbitration.framework/Versions/A/DiskArbitration
0x0000000001c85000 	/usr/lib/liblangid.dylib
0x0000000001c85000 	/System/Library/PrivateFrameworks/MultitouchSupport.framework/Versions/A/MultitouchSupport
0x0000000001c85000 	/System/Library/Frameworks/IOKit.framework/Versions/A/IOKit
0x0000000001c85000 	/usr/lib/libDiagnosticMessagesClient.dylib
0x0000000001c85000 	/System/Library/Frameworks/CoreServices.framework/Versions/A/CoreServices
0x0000000001c85000 	/System/Library/PrivateFrameworks/PerformanceAnalysis.framework/Versions/A/PerformanceAnalysis
0x0000000001c85000 	/System/Library/PrivateFrameworks/GenerationalStorage.framework/Versions/A/GenerationalStorage
0x0000000001c85000 	/System/Library/Frameworks/OpenGL.framework/Versions/A/OpenGL
0x0000000001c85000 	/System/Library/PrivateFrameworks/Sharing.framework/Versions/A/Sharing
0x0000000001c85000 	/System/Library/Frameworks/CoreGraphics.framework/Versions/A/CoreGraphics
0x0000000001c85000 	/System/Library/Frameworks/CoreImage.framework/Versions/A/CoreImage
0x0000000001c85000 	/System/Library/Frameworks/CoreText.framework/Versions/A/CoreText
0x0000000001c85000 	/System/Library/Frameworks/ImageIO.framework/Versions/A/ImageIO
0x0000000001c85000 	/System/Library/PrivateFrameworks/Backup.framework/Versions/A/Backup
0x0000000001c85000 	/usr/lib/libextension.dylib
0x0000000001c85000 	/usr/lib/libarchive.2.dylib
0x0000000001c85000 	/System/Library/Frameworks/CFNetwork.framework/Versions/A/CFNetwork
0x0000000001c85000 	/System/Library/Frameworks/SystemConfiguration.framework/Versions/A/SystemConfiguration
0x0000000001c85000 	/usr/lib/libCRFSuite.dylib
0x0000000001c85000 	/usr/lib/libc++.1.dylib
0x0000000001c85000 	/usr/lib/libc++abi.dylib
0x0000000001c85000 	/usr/lib/system/libcache.dylib
0x0000000001c85000 	/usr/lib/system/libcommonCrypto.dylib
0x0000000001c85000 	/usr/lib/system/libcompiler_rt.dylib
0x0000000001c85000 	/usr/lib/system/libcopyfile.dylib
0x0000000001c85000 	/usr/lib/system/libcorecrypto.dylib
0x0000000001c85000 	/usr/lib/system/libdispatch.dylib
0x0000000001c85000 	/usr/lib/system/libdyld.dylib
0x0000000001c85000 	/usr/lib/system/libkeymgr.dylib
0x0000000001c85000 	/usr/lib/system/liblaunch.dylib
0x0000000001c85000 	/usr/lib/system/libmacho.dylib
0x0000000001c85000 	/usr/lib/system/libquarantine.dylib
0x0000000001c85000 	/usr/lib/system/libremovefile.dylib
0x0000000001c85000 	/usr/lib/system/libsystem_asl.dylib
0x0000000001c85000 	/usr/lib/system/libsystem_blocks.dylib
0x0000000001c85000 	/usr/lib/system/libsystem_c.dylib
0x0000000001c85000 	/usr/lib/system/libsystem_configuration.dylib
0x0000000001c85000 	/usr/lib/system/libsystem_coreservices.dylib
0x0000000001c85000 	/usr/lib/system/libsystem_coretls.dylib
0x0000000001c85000 	/usr/lib/system/libsystem_dnssd.dylib
0x0000000001c85000 	/usr/lib/system/libsystem_info.dylib
0x0000000001c85000 	/usr/lib/system/libsystem_kernel.dylib
0x0000000001c85000 	/usr/lib/system/libsystem_m.dylib
0x0000000001c85000 	/usr/lib/system/libsystem_malloc.dylib
0x0000000001c85000 	/usr/lib/system/libsystem_network.dylib
0x0000000001c85000 	/usr/lib/system/libsystem_networkextension.dylib
0x0000000001c85000 	/usr/lib/system/libsystem_notify.dylib
0x0000000001c85000 	/usr/lib/system/libsystem_platform.dylib
0x0000000001c85000 	/usr/lib/system/libsystem_pthread.dylib
0x0000000001c85000 	/usr/lib/system/libsystem_sandbox.dylib
0x0000000001c85000 	/usr/lib/system/libsystem_secinit.dylib
0x0000000001c85000 	/usr/lib/system/libsystem_trace.dylib
0x0000000001c85000 	/usr/lib/system/libunc.dylib
0x0000000001c85000 	/usr/lib/system/libunwind.dylib
0x0000000001c85000 	/usr/lib/system/libxpc.dylib
0x0000000001c85000 	/usr/lib/libenergytrace.dylib
0x0000000001c85000 	/usr/lib/libbsm.0.dylib
0x0000000001c85000 	/usr/lib/system/libkxld.dylib
0x0000000001c85000 	/usr/lib/libxar.1.dylib
0x0000000001c85000 	/usr/lib/libsqlite3.dylib
0x0000000001c85000 	/usr/lib/libpam.2.dylib
0x0000000001c85000 	/usr/lib/libOpenScriptingUtil.dylib
0x0000000001c85000 	/usr/lib/libbz2.1.0.dylib
0x0000000001c85000 	/usr/lib/liblzma.5.dylib
0x0000000001c85000 	/System/Library/Frameworks/CoreServices.framework/Versions/A/Frameworks/FSEvents.framework/Versions/A/FSEvents
0x0000000001c85000 	/System/Library/Frameworks/CoreServices.framework/Versions/A/Frameworks/CarbonCore.framework/Versions/A/CarbonCore
0x0000000001c85000 	/System/Library/Frameworks/CoreServices.framework/Versions/A/Frameworks/Metadata.framework/Versions/A/Metadata
0x0000000001c85000 	/System/Library/Frameworks/CoreServices.framework/Versions/A/Frameworks/OSServices.framework/Versions/A/OSServices
0x0000000001c85000 	/System/Library/Frameworks/CoreServices.framework/Versions/A/Frameworks/SearchKit.framework/Versions/A/SearchKit
0x0000000001c85000 	/System/Library/Frameworks/CoreServices.framework/Versions/A/Frameworks/AE.framework/Versions/A/AE
0x0000000001c85000 	/System/Library/Frameworks/CoreServices.framework/Versions/A/Frameworks/LaunchServices.framework/Versions/A/LaunchServices
0x0000000001c85000 	/System/Library/Frameworks/CoreServices.framework/Versions/A/Frameworks/DictionaryServices.framework/Versions/A/DictionaryServices
0x0000000001c85000 	/System/Library/Frameworks/CoreServices.framework/Versions/A/Frameworks/SharedFileList.framework/Versions/A/SharedFileList
0x0000000001c85000 	/System/Library/Frameworks/NetFS.framework/Versions/A/NetFS
0x0000000001c85000 	/System/Library/PrivateFrameworks/NetAuth.framework/Versions/A/NetAuth
0x0000000001c85000 	/System/Library/PrivateFrameworks/login.framework/Versions/A/Frameworks/loginsupport.framework/Versions/A/loginsupport
0x0000000001c85000 	/System/Library/PrivateFrameworks/TCC.framework/Versions/A/TCC
0x0000000001c85000 	/usr/lib/libmecabra.dylib
0x0000000001c85000 	/System/Library/Frameworks/ApplicationServices.framework/Versions/A/Frameworks/ATS.framework/Versions/A/ATS
0x0000000001c85000 	/System/Library/Frameworks/ApplicationServices.framework/Versions/A/Frameworks/ColorSync.framework/Versions/A/ColorSync
0x0000000001c85000 	/System/Library/Frameworks/ApplicationServices.framework/Versions/A/Frameworks/HIServices.framework/Versions/A/HIServices
0x0000000001c85000 	/System/Library/Frameworks/ApplicationServices.framework/Versions/A/Frameworks/LangAnalysis.framework/Versions/A/LangAnalysis
0x0000000001c85000 	/System/Library/Frameworks/ApplicationServices.framework/Versions/A/Frameworks/PrintCore.framework/Versions/A/PrintCore
0x0000000001c85000 	/System/Library/Frameworks/ApplicationServices.framework/Versions/A/Frameworks/QD.framework/Versions/A/QD
0x0000000001c85000 	/System/Library/Frameworks/ApplicationServices.framework/Versions/A/Frameworks/SpeechSynthesis.framework/Versions/A/SpeechSynthesis
0x0000000001c85000 	/System/Library/Frameworks/Metal.framework/Versions/A/Metal
0x0000000001c85000 	/System/Library/Frameworks/Accelerate.framework/Versions/A/Frameworks/vImage.framework/Versions/A/vImage
0x0000000001c85000 	/System/Library/Frameworks/Accelerate.framework/Versions/A/Frameworks/vecLib.framework/Versions/A/vecLib
0x0000000001c85000 	/System/Library/Frameworks/Accelerate.framework/Versions/A/Frameworks/vecLib.framework/Versions/A/libvDSP.dylib
0x0000000001c85000 	/System/Library/Frameworks/Accelerate.framework/Versions/A/Frameworks/vecLib.framework/Versions/A/libvMisc.dylib
0x0000000001c85000 	/System/Library/Frameworks/Accelerate.framework/Versions/A/Frameworks/vecLib.framework/Versions/A/libLAPACK.dylib
0x0000000001c85000 	/System/Library/Frameworks/Accelerate.framework/Versions/A/Frameworks/vecLib.framework/Versions/A/libBLAS.dylib
0x0000000001c85000 	/System/Library/Frameworks/Accelerate.framework/Versions/A/Frameworks/vecLib.framework/Versions/A/libLinearAlgebra.dylib
0x0000000001c85000 	/System/Library/Frameworks/Accelerate.framework/Versions/A/Frameworks/vecLib.framework/Versions/A/libSparseBLAS.dylib
0x0000000001c85000 	/System/Library/PrivateFrameworks/GPUCompiler.framework/libmetal_timestamp.dylib
0x0000000001c85000 	/System/Library/Frameworks/OpenGL.framework/Versions/A/Libraries/libCoreFSCache.dylib
0x0000000001c85000 	/System/Library/PrivateFrameworks/IOAccelerator.framework/Versions/A/IOAccelerator
0x0000000001c85000 	/System/Library/Frameworks/ApplicationServices.framework/Versions/A/Frameworks/ATS.framework/Versions/A/Resources/libFontParser.dylib
0x0000000001c85000 	/System/Library/Frameworks/ApplicationServices.framework/Versions/A/Frameworks/ATS.framework/Versions/A/Resources/libFontRegistry.dylib
0x0000000001c85000 	/System/Library/PrivateFrameworks/AppleVPA.framework/Versions/A/AppleVPA
0x0000000001c85000 	/System/Library/PrivateFrameworks/AppleJPEG.framework/Versions/A/AppleJPEG
0x0000000001c85000 	/System/Library/Frameworks/ImageIO.framework/Versions/A/Resources/libJPEG.dylib
0x0000000001c85000 	/System/Library/Frameworks/ImageIO.framework/Versions/A/Resources/libTIFF.dylib
0x0000000001c85000 	/System/Library/Frameworks/ImageIO.framework/Versions/A/Resources/libPng.dylib
0x0000000001c85000 	/System/Library/Frameworks/ImageIO.framework/Versions/A/Resources/libGIF.dylib
0x0000000001c85000 	/System/Library/Frameworks/ImageIO.framework/Versions/A/Resources/libJP2.dylib
0x0000000001c85000 	/System/Library/Frameworks/ImageIO.framework/Versions/A/Resources/libRadiance.dylib
0x0000000001c85000 	/System/Library/Frameworks/CoreVideo.framework/Versions/A/CoreVideo
0x0000000001c85000 	/System/Library/Frameworks/OpenGL.framework/Versions/A/Libraries/libGLU.dylib
0x0000000001c85000 	/System/Library/Frameworks/OpenGL.framework/Versions/A/Libraries/libGFXShared.dylib
0x0000000001c85000 	/System/Library/Frameworks/OpenGL.framework/Versions/A/Libraries/libGL.dylib
0x0000000001c85000 	/System/Library/Frameworks/OpenGL.framework/Versions/A/Libraries/libGLImage.dylib
0x0000000001c85000 	/System/Library/Frameworks/OpenGL.framework/Versions/A/Libraries/libCVMSPluginSupport.dylib
0x0000000001c85000 	/System/Library/Frameworks/OpenGL.framework/Versions/A/Libraries/libCoreVMClient.dylib
0x0000000001c85000 	/usr/lib/libcups.2.dylib
0x0000000001c85000 	/System/Library/Frameworks/Kerberos.framework/Versions/A/Kerberos
0x0000000001c85000 	/System/Library/Frameworks/GSS.framework/Versions/A/GSS
0x0000000001c85000 	/usr/lib/libresolv.9.dylib
0x0000000001c85000 	/usr/lib/libiconv.2.dylib
0x0000000001c85000 	/System/Library/PrivateFrameworks/Heimdal.framework/Versions/A/Heimdal
0x0000000001c85000 	/usr/lib/libheimdal-asn1.dylib
0x0000000001c85000 	/System/Library/Frameworks/OpenDirectory.framework/Versions/A/OpenDirectory
0x0000000001c85000 	/System/Library/PrivateFrameworks/CommonAuth.framework/Versions/A/CommonAuth
0x0000000001c85000 	/System/Library/Frameworks/OpenDirectory.framework/Versions/A/Frameworks/CFOpenDirectory.framework/Versions/A/CFOpenDirectory
0x0000000001c85000 	/System/Library/Frameworks/SecurityFoundation.framework/Versions/A/SecurityFoundation
0x0000000001c85000 	/System/Library/PrivateFrameworks/LanguageModeling.framework/Versions/A/LanguageModeling
0x0000000001c85000 	/usr/lib/libmarisa.dylib
0x0000000001c85000 	/usr/lib/libChineseTokenizer.dylib
0x0000000001c85000 	/usr/lib/libcmph.dylib
0x0000000001c85000 	/usr/lib/libcompression.dylib
0x0000000001c85000 	/System/Library/Frameworks/ServiceManagement.framework/Versions/A/ServiceManagement
0x0000000001c85000 	/usr/lib/libxslt.1.dylib
0x0000000001c85000 	/System/Library/Frameworks/Carbon.framework/Versions/A/Frameworks/Ink.framework/Versions/A/Ink
0x0000000001c85000 	/usr/lib/libFosl_dynamic.dylib
0x0000000001c85000 	/System/Library/PrivateFrameworks/FaceCore.framework/Versions/A/FaceCore
0x0000000001c85000 	/System/Library/Frameworks/OpenCL.framework/Versions/A/OpenCL
0x0000000001c85000 	/System/Library/PrivateFrameworks/CrashReporterSupport.framework/Versions/A/CrashReporterSupport
0x0000000001c85000 	/System/Library/PrivateFrameworks/IconServices.framework/Versions/A/IconServices
0x0000000001c85000 	/System/Library/PrivateFrameworks/Apple80211.framework/Versions/A/Apple80211
0x0000000001c85000 	/System/Library/Frameworks/CoreWLAN.framework/Versions/A/CoreWLAN
0x0000000001c85000 	/System/Library/Frameworks/IOBluetooth.framework/Versions/A/IOBluetooth
0x0000000001c85000 	/System/Library/PrivateFrameworks/CoreWiFi.framework/Versions/A/CoreWiFi
0x0000000001c85000 	/System/Library/Frameworks/CoreBluetooth.framework/Versions/A/CoreBluetooth
0x0000000001c85000 	/System/Library/PrivateFrameworks/ChunkingLibrary.framework/Versions/A/ChunkingLibrary
0x0000000001c85000 	/System/Library/PrivateFrameworks/DebugSymbols.framework/Versions/A/DebugSymbols
0x0000000001c85000 	/System/Library/PrivateFrameworks/CoreSymbolication.framework/Versions/A/CoreSymbolication
0x0000000001c85000 	/System/Library/PrivateFrameworks/Symbolication.framework/Versions/A/Symbolication
0x0000000001c85000 	/System/Library/PrivateFrameworks/SpeechRecognitionCore.framework/Versions/A/SpeechRecognitionCore
0x0000000104bbd000 	/Library/Java/JavaVirtualMachines/jdk1.8.0_60.jdk/Contents/Home/jre/lib/server/libjvm.dylib
0x0000000001c85000 	/usr/lib/libstdc++.6.dylib
0x0000000105b4a000 	/Library/Java/JavaVirtualMachines/jdk1.8.0_60.jdk/Contents/Home/jre/lib/libverify.dylib
0x0000000105b58000 	/Library/Java/JavaVirtualMachines/jdk1.8.0_60.jdk/Contents/Home/jre/lib/libjava.dylib
0x0000000105b97000 	/Library/Java/JavaVirtualMachines/jdk1.8.0_60.jdk/Contents/Home/jre/lib/libzip.dylib
0x000000011bd12000 	/System/Library/Frameworks/JavaVM.framework/Frameworks/JavaRuntimeSupport.framework/JavaRuntimeSupport
0x000000011bd2d000 	/System/Library/Frameworks/JavaVM.framework/Versions/A/Frameworks/JavaNativeFoundation.framework/Versions/A/JavaNativeFoundation
0x0000000105bf1000 	/System/Library/Frameworks/JavaVM.framework/Versions/A/JavaVM
0x0000000001c85000 	/System/Library/Frameworks/Carbon.framework/Versions/A/Carbon
0x000000011bd42000 	/System/Library/PrivateFrameworks/JavaLaunching.framework/Versions/A/JavaLaunching
0x0000000001c85000 	/System/Library/Frameworks/Carbon.framework/Versions/A/Frameworks/CommonPanels.framework/Versions/A/CommonPanels
0x0000000001c85000 	/System/Library/Frameworks/Carbon.framework/Versions/A/Frameworks/Help.framework/Versions/A/Help
0x0000000001c85000 	/System/Library/Frameworks/Carbon.framework/Versions/A/Frameworks/ImageCapture.framework/Versions/A/ImageCapture
0x0000000001c85000 	/System/Library/Frameworks/Carbon.framework/Versions/A/Frameworks/OpenScripting.framework/Versions/A/OpenScripting
0x0000000001c85000 	/System/Library/Frameworks/Carbon.framework/Versions/A/Frameworks/Print.framework/Versions/A/Print
0x0000000001c85000 	/System/Library/Frameworks/Carbon.framework/Versions/A/Frameworks/SecurityHI.framework/Versions/A/SecurityHI
0x000000011d6ef000 	/Library/Java/JavaVirtualMachines/jdk1.8.0_60.jdk/Contents/Home/jre/lib/libawt.dylib
0x000000011d797000 	/Library/Java/JavaVirtualMachines/jdk1.8.0_60.jdk/Contents/Home/jre/lib/./libmlib_image.dylib
0x000000011d863000 	/Library/Java/JavaVirtualMachines/jdk1.8.0_60.jdk/Contents/Home/jre/lib/libawt_lwawt.dylib
0x000000011d918000 	/Library/Java/JavaVirtualMachines/jdk1.8.0_60.jdk/Contents/Home/jre/lib/./libosxapp.dylib
0x0000000001c85000 	/System/Library/Frameworks/ExceptionHandling.framework/Versions/A/ExceptionHandling
0x0000000001c85000 	/System/Library/PrivateFrameworks/CoreServicesInternal.framework/Versions/A/CoreServicesInternal
0x0000000001c85000 	/System/Library/Frameworks/CoreGraphics.framework/Versions/A/Resources/libRIP.A.dylib
0x0000000001c85000 	/System/Library/Frameworks/Accelerate.framework/Versions/A/Frameworks/vImage.framework/Versions/A/Libraries/libCGInterfaces.dylib
0x0000000001c85000 	/System/Library/Frameworks/CoreGraphics.framework/Versions/A/Resources/libCGXType.A.dylib
0x0000000001c85000 	/System/Library/Frameworks/OpenCL.framework/Versions/A/Libraries/libcldcpuengine.dylib
0x0000000001c85000 	/System/Library/PrivateFrameworks/DiskImages.framework/Versions/A/DiskImages
0x0000000001c85000 	/System/Library/Frameworks/DiscRecording.framework/Versions/A/DiscRecording
0x0000000001c85000 	/usr/lib/libcsfde.dylib
0x0000000001c85000 	/usr/lib/libcurl.4.dylib
0x0000000001c85000 	/System/Library/PrivateFrameworks/MediaKit.framework/Versions/A/MediaKit
0x0000000001c85000 	/System/Library/PrivateFrameworks/ProtectedCloudStorage.framework/Versions/A/ProtectedCloudStorage
0x0000000001c85000 	/usr/lib/libCoreStorage.dylib
0x0000000001c85000 	/System/Library/PrivateFrameworks/EFILogin.framework/Versions/A/EFILogin
0x0000000001c85000 	/usr/lib/libutil.dylib
0x0000000001c85000 	/System/Library/PrivateFrameworks/FindMyDevice.framework/Versions/A/FindMyDevice
0x0000000001c85000 	/System/Library/Frameworks/LDAP.framework/Versions/A/LDAP
0x0000000001c85000 	/usr/lib/libsasl2.2.dylib
0x0000000001c85000 	/System/Library/PrivateFrameworks/CoreDaemon.framework/Versions/B/CoreDaemon
0x0000000001c85000 	/usr/lib/libcrypto.0.9.8.dylib
0x0000000001c85000 	/System/Library/PrivateFrameworks/AppleSRP.framework/Versions/A/AppleSRP
0x0000000001c85000 	/System/Library/PrivateFrameworks/TrustEvaluationAgent.framework/Versions/A/TrustEvaluationAgent
0x000000011f765000 	cl_kernels
0x0000000001c85000 	/System/Library/Frameworks/OpenCL.framework/Versions/A/Libraries/ImageFormats/unorm8_bgra.dylib
0x0000000001c85000 	/System/Library/Frameworks/OpenCL.framework/Versions/A/Libraries/ImageFormats/unorm8_rgba.dylib
0x0000000001c85000 	/System/Library/PrivateFrameworks/FamilyControls.framework/Versions/A/FamilyControls
0x0000000001c85000 	/System/Library/PrivateFrameworks/CommerceKit.framework/Versions/A/Frameworks/CommerceCore.framework/Versions/A/CommerceCore
0x0000000001c85000 	/System/Library/PrivateFrameworks/SystemAdministration.framework/Versions/A/SystemAdministration
0x0000000001c85000 	/System/Library/PrivateFrameworks/AppContainer.framework/Versions/A/AppContainer
0x0000000001c85000 	/System/Library/PrivateFrameworks/SecCodeWrapper.framework/Versions/A/SecCodeWrapper
0x0000000001c85000 	/System/Library/Frameworks/DirectoryService.framework/Versions/A/DirectoryService
0x0000000001c85000 	/System/Library/PrivateFrameworks/LoginUIKit.framework/Versions/A/Frameworks/LoginUICore.framework/Versions/A/LoginUICore
0x0000000001c85000 	/usr/lib/libodfde.dylib
0x000000011eb6c000 	/private/var/folders/nv/tn8gf4qx33l86fjt1h5s8yr00000gp/T/jna--469709664/jna5252506934614483156.tmp
0x0000000120840000 	/usr/local/lib/libtesseract.dylib
0x0000000120e5f000 	/opt/local/lib/liblept.4.dylib
0x000000012101b000 	/opt/local/lib/libz.1.dylib
0x000000012102f000 	/opt/local/lib/libpng16.16.dylib
0x000000012105a000 	/opt/local/lib/libjpeg.9.dylib
0x000000011f757000 	/opt/local/lib/libgif.4.dylib
0x000000012108e000 	/opt/local/lib/libtiff.5.dylib
0x00000001210f6000 	/opt/local/lib/libwebp.5.dylib
0x0000000121146000 	/opt/local/lib/libopenjp2.7.dylib
0x0000000121171000 	/opt/local/lib/libSM.6.dylib
0x000000012117a000 	/opt/local/lib/libICE.6.dylib
0x0000000121193000 	/opt/local/lib/libX11.6.dylib
0x00000001212ac000 	/opt/local/lib/libxcb.1.dylib
0x00000001212ca000 	/opt/local/lib/libXau.6.dylib
0x00000001212ce000 	/opt/local/lib/libXdmcp.6.dylib
0x00000001212d4000 	/opt/local/lib/liblzma.5.dylib
0x00000001213c2000 	/Library/Java/JavaVirtualMachines/jdk1.8.0_60.jdk/Contents/Home/jre/lib/libnio.dylib
0x00000001213d2000 	/Library/Java/JavaVirtualMachines/jdk1.8.0_60.jdk/Contents/Home/jre/lib/./libnet.dylib

VM Arguments:
jvm_args: -Dfile.encoding=UTF-8 
java_command: tesseractpart1.Tesseractpart1
java_class_path (initial): /Users/samarthmadduru/Desktop/Tess4J/lib/slf4j-api-1.7.19.jar:/Users/samarthmadduru/Desktop/Tess4J/lib/ghost4j-1.0.1.jar:/Users/samarthmadduru/Desktop/Tess4J/lib/logback-classic-1.1.6.jar:/Users/samarthmadduru/Desktop/Tess4J/lib/logback-core-1.1.6.jar:/Users/samarthmadduru/Desktop/Tess4J/lib/jul-to-slf4j-1.7.19.jar:/Users/samarthmadduru/Desktop/Tess4J/lib/lept4j-1.1.2.jar:/Users/samarthmadduru/Desktop/Tess4J/lib/jna-4.2.2.jar:/Users/samarthmadduru/Desktop/Tess4J/lib/jai-imageio-core-1.3.1.jar:/Users/samarthmadduru/Desktop/Tess4J/lib/commons-logging-1.2.jar:/Users/samarthmadduru/Desktop/Tess4J/lib/commons-beanutils-1.9.2.jar:/Users/samarthmadduru/Desktop/Tess4J/lib/hamcrest-core-1.3.jar:/Users/samarthmadduru/Desktop/Tess4J/lib/junit-4.12.jar:/Users/samarthmadduru/Desktop/Tess4J/lib/rococoa-core-0.5.jar:/Users/samarthmadduru/Desktop/Tess4J/lib/commons-io-2.4.jar:/Users/samarthmadduru/Desktop/Tess4J/lib/log4j-1.2.17.jar:/Users/samarthmadduru/Desktop/Tess4J/lib/itext-2.1.7.jar:/Users/samarthmadduru/Desktop/Tess4J/lib/xmlgraphics-commons-1.5.jar:/Users/samarthmadduru/NetBeansProjects/tesseractpart1/build/classes
Launcher Type: SUN_STANDARD

Environment Variables:
PATH=/usr/bin:/bin:/usr/sbin:/sbin
LD_LIBRARY_PATH=/Library/Java/JavaVirtualMachines/jdk1.8.0_60.jdk/Contents/Home/jre/lib/amd64:/Library/Java/JavaVirtualMachines/jdk1.8.0_60.jdk/Contents/Home/jre/lib/i386:
SHELL=/bin/bash

Signal Handlers:
SIGSEGV: [libjvm.dylib+0x5a6d31], sa_mask[0]=11111111011111110111111111111111, sa_flags=SA_ONSTACK|SA_RESTART|SA_SIGINFO
SIGBUS: [libjvm.dylib+0x5a6d31], sa_mask[0]=11111111011111110111111111111111, sa_flags=SA_RESTART|SA_SIGINFO
SIGFPE: [libjvm.dylib+0x480a4c], sa_mask[0]=11111111011111110111111111111111, sa_flags=SA_RESTART|SA_SIGINFO
SIGPIPE: [libjvm.dylib+0x480a4c], sa_mask[0]=11111111011111110111111111111111, sa_flags=SA_RESTART|SA_SIGINFO
SIGXFSZ: [libjvm.dylib+0x480a4c], sa_mask[0]=11111111011111110111111111111111, sa_flags=SA_RESTART|SA_SIGINFO
SIGILL: [libjvm.dylib+0x480a4c], sa_mask[0]=11111111011111110111111111111111, sa_flags=SA_RESTART|SA_SIGINFO
SIGUSR1: SIG_DFL, sa_mask[0]=00000000000000000000000000000000, sa_flags=none
SIGUSR2: [libjvm.dylib+0x48056a], sa_mask[0]=00100000000000000000000000000000, sa_flags=SA_RESTART|SA_SIGINFO
SIGHUP: [libjvm.dylib+0x47eb41], sa_mask[0]=11111111011111110111111111111111, sa_flags=SA_RESTART|SA_SIGINFO
SIGINT: SIG_IGN, sa_mask[0]=00000000000000000000000000000000, sa_flags=none
SIGTERM: [libjvm.dylib+0x47eb41], sa_mask[0]=11111111011111110111111111111111, sa_flags=SA_RESTART|SA_SIGINFO
SIGQUIT: [libjvm.dylib+0x47eb41], sa_mask[0]=11111111011111110111111111111111, sa_flags=SA_RESTART|SA_SIGINFO


---------------  S Y S T E M  ---------------

OS:Bsduname:Darwin 15.0.0 Darwin Kernel Version 15.0.0: Wed Aug 26 19:41:34 PDT 2015; root:xnu-3247.1.106~5/RELEASE_X86_64 x86_64
rlimit: STACK 8192k, CORE 0k, NPROC 709, NOFILE 10240, AS infinity
load average:2.35 1.90 1.82

CPU:total 4 (2 cores per cpu, 2 threads per core) family 6 model 61 stepping 4, cmov, cx8, fxsr, mmx, sse, sse2, sse3, ssse3, sse4.1, sse4.2, popcnt, avx, avx2, aes, clmul, erms, 3dnowpref, lzcnt, ht, tsc, tscinvbit, bmi1, bmi2, adx

Memory: 4k page, physical 8388608k(33376k free)

/proc/meminfo:


vm_info: Java HotSpot(TM) 64-Bit Server VM (25.60-b23) for bsd-amd64 JRE (1.8.0_60-b27), built on Aug  4 2015 10:47:24 by "java_re" with gcc 4.2.1 (Based on Apple Inc. build 5658) (LLVM build 2336.11.00)

time: Fri Apr 22 15:00:18 2016
elapsed time: 2 seconds (0d 0h 0m 2s)

