#
# A fatal error has been detected by the Java Runtime Environment:
#
#  SIGSEGV (0xb) at pc=0x000000018e1ef32e, pid=13324, tid=55351
#
# JRE version: Java(TM) SE Runtime Environment (8.0_60-b27) (build 1.8.0_60-b27)
# Java VM: Java HotSpot(TM) 64-Bit Server VM (25.60-b23 mixed mode bsd-amd64 compressed oops)
# Problematic frame:
# C  [libtesseract.dylib+0x1732e]  tesseract::Tesseract::recog_all_words(PAGE_RES*, ETEXT_DESC*, TBOX const*, char const*, int)+0xbe
#
# Failed to write core dump. Core dumps have been disabled. To enable core dumping, try "ulimit -c unlimited" before starting Java again
#
# If you would like to submit a bug report, please visit:
#   http://bugreport.java.com/bugreport/crash.jsp
# The crash happened outside the Java Virtual Machine in native code.
# See problematic frame for where to report the bug.
#

---------------  T H R E A D  ---------------

Current thread (0x00007fed7c22d800):  JavaThread "AWT-EventQueue-0" [_thread_in_native, id=55351, stack(0x00007000015e2000,0x00007000016e2000)]

siginfo: si_signo: 11 (SIGSEGV), si_code: 1 (SEGV_MAPERR), si_addr: 0x000000000000000c

Registers:
RAX=0x0000000000000000, RBX=0x0000000000000000, RCX=0x0000000000000000, RDX=0x0000000000000000
RSP=0x00007000016de330, RBP=0x00007000016de4c0, RSI=0x0000000000000000, RDI=0x00007000016de478
R8 =0x0000000000000000, R9 =0x0000000000000000, R10=0x0000000000000001, R11=0x00007fed7fd00000
R12=0x00007fed7bcc7600, R13=0x00007fed7bcc7600, R14=0x0000000000000000, R15=0x00007fed7fa73320
RIP=0x000000018e1ef32e, EFLAGS=0x0000000000010246, ERR=0x0000000000000004
  TRAPNO=0x000000000000000e

Top of Stack: (sp=0x00007000016de330)
0x00007000016de330:   00007fed7fd7d368 000000007fd7d2e0
0x00007000016de340:   0000000000000000 0000000000000000
0x00007000016de350:   00007000016d0000 00007fed7fd7d240
0x00007000016de360:   00007fed7fc13e01 00007fed7fd80a90
0x00007000016de370:   00007fed7fa739f8 00007fed7fd7d340
0x00007000016de380:   0000000000000000 00007fed7fa73a00
0x00007000016de390:   00007000016de410 000000018e34d2e7
0x00007000016de3a0:   00007fed7fa73320 0000000000000000
0x00007000016de3b0:   0000000000000000 0000000000000000
0x00007000016de3c0:   00007fed7fa73ad0 00007fed7fa73a00
0x00007000016de3d0:   00007fed7fa739d0 00007fed7fd70c50
0x00007000016de3e0:   00007fed7fa73a00 00007fed7fa739d0
0x00007000016de3f0:   00007fed7fa73328 00007fed7fa739d0
0x00007000016de400:   00007fed7fa739d0 00007fed7fa739d0
0x00007000016de410:   00007000016d0000 00007fed7fa739d0
0x00007000016de420:   0000000000000000 00007fed7fa739f8
0x00007000016de430:   00007fed7fd80a90 00007fed7fa73a00
0x00007000016de440:   00007fed7fd7e4c0 00007fed7bcc0000
0x00007000016de450:   00007fed7fa73a00 0000000000000000
0x00007000016de460:   00007fed7fa73a20 00007fed7fd70c50
0x00007000016de470:   00007fed7fd7c530 00007fed7fd7d3d0
0x00007000016de480:   00007000016d0000 00007fed7fa73ad0
0x00007000016de490:   00007fed7bcc7601 0000000000000001
0x00007000016de4a0:   00007fed7fa73320 00007fed7bcc7600
0x00007000016de4b0:   00000000ffffffff 00007fed7fbe70a0
0x00007000016de4c0:   00007000016de530 000000018e1db677
0x00007000016de4d0:   00007fed7fbe70a0 000000011e91597b
0x00007000016de4e0:   00007000016de540 000000011e915cc8
0x00007000016de4f0:   0000000000000000 010000011e9159d8
0x00007000016de500:   0000000000000000 00007fed7fbe70a0
0x00007000016de510:   0000000000000001 0000000000000001
0x00007000016de520:   0000000000000000 2a003281f6c19310 

Instructions: (pc=0x000000018e1ef32e)
0x000000018e1ef30e:   7e 10 89 9d 7c fe ff ff 4c 89 e7 e8 a2 cd 0f 00
0x000000018e1ef31e:   eb 1c 89 9d 7c fe ff ff 49 8b 84 24 10 0b 00 00
0x000000018e1ef32e:   80 78 0c 00 74 08 4c 89 e7 e8 44 ce 0f 00 4d 89
0x000000018e1ef33e:   f5 41 83 bc 24 18 4c 00 00 00 7e 48 31 db 0f 1f 

Register to memory mapping:

RAX=0x0000000000000000 is an unknown value
RBX=0x0000000000000000 is an unknown value
RCX=0x0000000000000000 is an unknown value
RDX=0x0000000000000000 is an unknown value
RSP=0x00007000016de330 is pointing into the stack for thread: 0x00007fed7c22d800
RBP=0x00007000016de4c0 is pointing into the stack for thread: 0x00007fed7c22d800
RSI=0x0000000000000000 is an unknown value
RDI=0x00007000016de478 is pointing into the stack for thread: 0x00007fed7c22d800
R8 =0x0000000000000000 is an unknown value
R9 =0x0000000000000000 is an unknown value
R10=0x0000000000000001 is an unknown value
R11=0x00007fed7fd00000 is an unknown value
R12=0x00007fed7bcc7600 is an unknown value
R13=0x00007fed7bcc7600 is an unknown value
R14=0x0000000000000000 is an unknown value
R15=0x00007fed7fa73320 is an unknown value


Stack: [0x00007000015e2000,0x00007000016e2000],  sp=0x00007000016de330,  free space=1008k
Native frames: (J=compiled Java code, j=interpreted, Vv=VM code, C=native code)
C  [libtesseract.dylib+0x1732e]  tesseract::Tesseract::recog_all_words(PAGE_RES*, ETEXT_DESC*, TBOX const*, char const*, int)+0xbe
C  [libtesseract.dylib+0x3677]  tesseract::TessBaseAPI::Recognize(ETEXT_DESC*)+0x2f7
C  [libtesseract.dylib+0x2023]  tesseract::TessBaseAPI::GetUTF8Text()+0x33
C  [jna2780414440832319094.tmp+0xe134]  ffi_call_unix64+0x4c
C  0x00007000016def88

Java frames: (J=compiled Java code, j=interpreted, Vv=VM code)
j  com.sun.jna.Native.invokePointer(JI[Ljava/lang/Object;)J+0
j  com.sun.jna.Function.invokePointer(I[Ljava/lang/Object;)Lcom/sun/jna/Pointer;+6
j  com.sun.jna.Function.invoke([Ljava/lang/Object;Ljava/lang/Class;Z)Ljava/lang/Object;+414
j  com.sun.jna.Function.invoke(Ljava/lang/reflect/Method;[Ljava/lang/Class;Ljava/lang/Class;[Ljava/lang/Object;Ljava/util/Map;)Ljava/lang/Object;+249
j  com.sun.jna.Library$Handler.invoke(Ljava/lang/Object;Ljava/lang/reflect/Method;[Ljava/lang/Object;)Ljava/lang/Object;+348
j  com.sun.proxy.$Proxy0.TessBaseAPIGetUTF8Text(Lnet/sourceforge/tess4j/ITessAPI$TessBaseAPI;)Lcom/sun/jna/Pointer;+16
j  net.sourceforge.tess4j.Tesseract.getOCRText(Ljava/lang/String;I)Ljava/lang/String;+62
j  net.sourceforge.tess4j.Tesseract.doOCR(Ljava/util/List;Ljava/lang/String;Ljava/awt/Rectangle;)Ljava/lang/String;+69
j  net.sourceforge.tess4j.Tesseract.doOCR(Ljava/io/File;Ljava/awt/Rectangle;)Ljava/lang/String;+10
j  net.sourceforge.tess4j.Tesseract.doOCR(Ljava/io/File;)Ljava/lang/String;+3
j  FinalProjectData.Tesseractpart1.getOutput(Ljava/lang/String;)Ljava/lang/String;+48
j  FinalProjectData.Runner.outResultinTextBox(Ljava/lang/String;)Ljava/lang/String;+14
j  FinalProjectData.Runner$3.drop(Ljava/awt/dnd/DropTargetDropEvent;)V+123
j  sun.awt.dnd.SunDropTargetContextPeer.processDropMessage(Lsun/awt/dnd/SunDropTargetEvent;)V+172
j  sun.lwawt.macosx.CDropTargetContextPeer.processDropMessage(Lsun/awt/dnd/SunDropTargetEvent;)V+10
j  sun.awt.dnd.SunDropTargetContextPeer$EventDispatcher.dispatchDropEvent(Lsun/awt/dnd/SunDropTargetEvent;)V+60
j  sun.awt.dnd.SunDropTargetContextPeer$EventDispatcher.dispatchEvent(Lsun/awt/dnd/SunDropTargetEvent;)V+66
j  sun.awt.dnd.SunDropTargetEvent.dispatch()V+5
j  java.awt.Component.dispatchEventImpl(Ljava/awt/AWTEvent;)V+119
j  java.awt.Component.dispatchEvent(Ljava/awt/AWTEvent;)V+2
j  java.awt.LightweightDispatcher.retargetMouseEvent(Ljava/awt/Component;ILjava/awt/event/MouseEvent;)V+327
j  java.awt.LightweightDispatcher.processDropTargetEvent(Lsun/awt/dnd/SunDropTargetEvent;)Z+164
j  java.awt.LightweightDispatcher.dispatchEvent(Ljava/awt/AWTEvent;)Z+16
j  java.awt.Container.dispatchEventImpl(Ljava/awt/AWTEvent;)V+12
j  java.awt.Window.dispatchEventImpl(Ljava/awt/AWTEvent;)V+19
j  java.awt.Component.dispatchEvent(Ljava/awt/AWTEvent;)V+2
j  java.awt.EventQueue.dispatchEventImpl(Ljava/awt/AWTEvent;Ljava/lang/Object;)V+41
j  java.awt.EventQueue.access$500(Ljava/awt/EventQueue;Ljava/awt/AWTEvent;Ljava/lang/Object;)V+3
j  java.awt.EventQueue$3.run()Ljava/lang/Void;+32
j  java.awt.EventQueue$3.run()Ljava/lang/Object;+1
v  ~StubRoutines::call_stub
j  java.security.AccessController.doPrivileged(Ljava/security/PrivilegedAction;Ljava/security/AccessControlContext;)Ljava/lang/Object;+0
j  java.security.ProtectionDomain$JavaSecurityAccessImpl.doIntersectionPrivilege(Ljava/security/PrivilegedAction;Ljava/security/AccessControlContext;Ljava/security/AccessControlContext;)Ljava/lang/Object;+18
j  java.security.ProtectionDomain$JavaSecurityAccessImpl.doIntersectionPrivilege(Ljava/security/PrivilegedAction;Ljava/security/AccessControlContext;)Ljava/lang/Object;+6
j  java.awt.EventQueue$4.run()Ljava/lang/Void;+11
j  java.awt.EventQueue$4.run()Ljava/lang/Object;+1
v  ~StubRoutines::call_stub
j  java.security.AccessController.doPrivileged(Ljava/security/PrivilegedAction;Ljava/security/AccessControlContext;)Ljava/lang/Object;+0
j  java.security.ProtectionDomain$JavaSecurityAccessImpl.doIntersectionPrivilege(Ljava/security/PrivilegedAction;Ljava/security/AccessControlContext;Ljava/security/AccessControlContext;)Ljava/lang/Object;+18
j  java.awt.EventQueue.dispatchEvent(Ljava/awt/AWTEvent;)V+73
j  java.awt.EventDispatchThread.pumpOneEventForFilters(I)V+245
j  java.awt.EventDispatchThread.pumpEventsForFilter(ILjava/awt/Conditional;Ljava/awt/EventFilter;)V+35
j  java.awt.EventDispatchThread.pumpEventsForHierarchy(ILjava/awt/Conditional;Ljava/awt/Component;)V+11
j  java.awt.EventDispatchThread.pumpEvents(ILjava/awt/Conditional;)V+4
j  java.awt.EventDispatchThread.pumpEvents(Ljava/awt/Conditional;)V+3
j  java.awt.EventDispatchThread.run()V+9
v  ~StubRoutines::call_stub

---------------  P R O C E S S  ---------------

Java Threads: ( => current thread )
  0x00007fed7c99a000 JavaThread "TimerQueue" daemon [_thread_blocked, id=59163, stack(0x000070000186b000,0x000070000196b000)]
  0x00007fed7cc3d000 JavaThread "Image Fetcher 0" daemon [_thread_blocked, id=56327, stack(0x00007000016e5000,0x00007000017e5000)]
  0x00007fed7c1f8000 JavaThread "DestroyJavaVM" [_thread_blocked, id=5891, stack(0x000070000011a000,0x000070000021a000)]
=>0x00007fed7c22d800 JavaThread "AWT-EventQueue-0" [_thread_in_native, id=55351, stack(0x00007000015e2000,0x00007000016e2000)]
  0x00007fed7ca0a800 JavaThread "Java2D Disposer" daemon [_thread_blocked, id=50699, stack(0x00007000014df000,0x00007000015df000)]
  0x00007fed7b111800 JavaThread "Java2D Queue Flusher" daemon [_thread_blocked, id=43807, stack(0x00007000013dc000,0x00007000014dc000)]
  0x00007fed7b8c3000 JavaThread "AWT-Shutdown" [_thread_blocked, id=29203, stack(0x00007000010cd000,0x00007000011cd000)]
  0x00007fed7b0f1800 JavaThread "AppKit Thread" daemon [_thread_in_native, id=2571, stack(0x00007fff56542000,0x00007fff56d42000)]
  0x00007fed7c832800 JavaThread "Service Thread" daemon [_thread_blocked, id=18691, stack(0x0000700000e44000,0x0000700000f44000)]
  0x00007fed7b00d000 JavaThread "C1 CompilerThread2" daemon [_thread_blocked, id=18179, stack(0x0000700000d41000,0x0000700000e41000)]
  0x00007fed7b84e000 JavaThread "C2 CompilerThread1" daemon [_thread_blocked, id=17667, stack(0x0000700000c3e000,0x0000700000d3e000)]
  0x00007fed7b01b000 JavaThread "C2 CompilerThread0" daemon [_thread_blocked, id=17155, stack(0x0000700000b3b000,0x0000700000c3b000)]
  0x00007fed7b831000 JavaThread "Signal Dispatcher" daemon [_thread_blocked, id=12815, stack(0x0000700000a38000,0x0000700000b38000)]
  0x00007fed7b00e000 JavaThread "Finalizer" daemon [_thread_blocked, id=12291, stack(0x000070000082f000,0x000070000092f000)]
  0x00007fed7c005000 JavaThread "Reference Handler" daemon [_thread_blocked, id=11779, stack(0x000070000072c000,0x000070000082c000)]

Other Threads:
  0x00007fed7c81b000 VMThread [stack: 0x0000700000629000,0x0000700000729000] [id=11267]
  0x00007fed7c008800 WatcherThread [stack: 0x0000700000f47000,0x0000700001047000] [id=19203]

VM state:not at safepoint (normal execution)

VM Mutex/Monitor currently owned by a thread: None

Heap:
 PSYoungGen      total 38400K, used 17301K [0x0000000795580000, 0x0000000798000000, 0x00000007c0000000)
  eden space 33280K, 36% used [0x0000000795580000,0x0000000796169208,0x0000000797600000)
  from space 5120K, 99% used [0x0000000797600000,0x0000000797afc270,0x0000000797b00000)
  to   space 5120K, 0% used [0x0000000797b00000,0x0000000797b00000,0x0000000798000000)
 ParOldGen       total 87552K, used 7586K [0x0000000740000000, 0x0000000745580000, 0x0000000795580000)
  object space 87552K, 8% used [0x0000000740000000,0x0000000740768a68,0x0000000745580000)
 Metaspace       used 18515K, capacity 18714K, committed 18944K, reserved 1064960K
  class space    used 2427K, capacity 2499K, committed 2560K, reserved 1048576K

Card table byte_map: [0x0000000119d49000,0x000000011a14a000] byte_map_base: 0x0000000116349000

Marking Bits: (ParMarkBitMap*) 0x000000010a2dee20
 Begin Bits: [0x000000011a3f5000, 0x000000011c3f5000)
 End Bits:   [0x000000011c3f5000, 0x000000011e3f5000)

Polling page: 0x0000000109181000

CodeCache: size=245760Kb used=4774Kb max_used=4785Kb free=240985Kb
 bounds [0x000000010a989000, 0x000000010ae39000, 0x0000000119989000]
 total_blobs=2008 nmethods=1428 adapters=493
 compilation: enabled

Compilation events (10 events):
Event: 6.707 Thread 0x00007fed7b00d000 1424       3       com.github.jaiimageio.plugins.tiff.TIFFField::getAsInt (249 bytes)
Event: 6.708 Thread 0x00007fed7b00d000 nmethod 1424 0x000000010ae32210 code [0x000000010ae324a0, 0x000000010ae33618]
Event: 6.708 Thread 0x00007fed7b00d000 1426  s    3       java.io.ByteArrayOutputStream::write (66 bytes)
Event: 6.708 Thread 0x00007fed7b00d000 nmethod 1426 0x000000010ae33fd0 code [0x000000010ae34180, 0x000000010ae347e8]
Event: 6.708 Thread 0x00007fed7b00d000 1429       3       java.io.RandomAccessFile::readFully (45 bytes)
Event: 6.708 Thread 0x00007fed7b00d000 nmethod 1429 0x000000010ae34a50 code [0x000000010ae34be0, 0x000000010ae34fb8]
Event: 6.708 Thread 0x00007fed7b00d000 1425       1       java.awt.image.DataBuffer::getOffset (5 bytes)
Event: 6.708 Thread 0x00007fed7b00d000 nmethod 1425 0x000000010ae35190 code [0x000000010ae352e0, 0x000000010ae353f0]
Event: 6.708 Thread 0x00007fed7b01b000 1428       4       java.io.ByteArrayOutputStream::ensureCapacity (16 bytes)
Event: 6.709 Thread 0x00007fed7b01b000 nmethod 1428 0x000000010ae380d0 code [0x000000010ae38220, 0x000000010ae382c8]

GC Heap History (2 events):
Event: 6.616 GC heap before
{Heap before GC invocations=1 (full 0):
 PSYoungGen      total 38400K, used 33280K [0x0000000795580000, 0x0000000798000000, 0x00000007c0000000)
  eden space 33280K, 100% used [0x0000000795580000,0x0000000797600000,0x0000000797600000)
  from space 5120K, 0% used [0x0000000797b00000,0x0000000797b00000,0x0000000798000000)
  to   space 5120K, 0% used [0x0000000797600000,0x0000000797600000,0x0000000797b00000)
 ParOldGen       total 87552K, used 0K [0x0000000740000000, 0x0000000745580000, 0x0000000795580000)
  object space 87552K, 0% used [0x0000000740000000,0x0000000740000000,0x0000000745580000)
 Metaspace       used 18154K, capacity 18394K, committed 18688K, reserved 1064960K
  class space    used 2354K, capacity 2435K, committed 2560K, reserved 1048576K
Event: 6.630 GC heap after
Heap after GC invocations=1 (full 0):
 PSYoungGen      total 38400K, used 5104K [0x0000000795580000, 0x0000000798000000, 0x00000007c0000000)
  eden space 33280K, 0% used [0x0000000795580000,0x0000000795580000,0x0000000797600000)
  from space 5120K, 99% used [0x0000000797600000,0x0000000797afc270,0x0000000797b00000)
  to   space 5120K, 0% used [0x0000000797b00000,0x0000000797b00000,0x0000000798000000)
 ParOldGen       total 87552K, used 7586K [0x0000000740000000, 0x0000000745580000, 0x0000000795580000)
  object space 87552K, 8% used [0x0000000740000000,0x0000000740768a68,0x0000000745580000)
 Metaspace       used 18154K, capacity 18394K, committed 18688K, reserved 1064960K
  class space    used 2354K, capacity 2435K, committed 2560K, reserved 1048576K
}

Deoptimization events (10 events):
Event: 3.701 Thread 0x00007fed7c22d800 Uncommon trap: reason=class_check action=maybe_recompile pc=0x000000010aaf699c method=java.lang.String.equals(Ljava/lang/Object;)Z @ 8
Event: 3.710 Thread 0x00007fed7c22d800 Uncommon trap: reason=class_check action=maybe_recompile pc=0x000000010aaf699c method=java.lang.String.equals(Ljava/lang/Object;)Z @ 8
Event: 3.710 Thread 0x00007fed7c22d800 Uncommon trap: reason=class_check action=maybe_recompile pc=0x000000010aaf699c method=java.lang.String.equals(Ljava/lang/Object;)Z @ 8
Event: 6.070 Thread 0x00007fed7c22d800 Uncommon trap: reason=class_check action=maybe_recompile pc=0x000000010abf0ec4 method=java.util.HashMap.putVal(ILjava/lang/Object;Ljava/lang/Object;ZZ)Ljava/lang/Object; @ 253
Event: 6.072 Thread 0x00007fed7c22d800 Uncommon trap: reason=class_check action=maybe_recompile pc=0x000000010abf0ec4 method=java.util.HashMap.putVal(ILjava/lang/Object;Ljava/lang/Object;ZZ)Ljava/lang/Object; @ 253
Event: 6.076 Thread 0x00007fed7c22d800 Uncommon trap: reason=class_check action=maybe_recompile pc=0x000000010abf0ec4 method=java.util.HashMap.putVal(ILjava/lang/Object;Ljava/lang/Object;ZZ)Ljava/lang/Object; @ 253
Event: 6.077 Thread 0x00007fed7c22d800 Uncommon trap: reason=unstable_if action=reinterpret pc=0x000000010abf0f0c method=java.util.HashMap.putVal(ILjava/lang/Object;Ljava/lang/Object;ZZ)Ljava/lang/Object; @ 94
Event: 6.175 Thread 0x00007fed7c22d800 Uncommon trap: reason=unstable_if action=reinterpret pc=0x000000010aba5b34 method=java.lang.String.indexOf([CII[CIII)I @ 3
Event: 6.294 Thread 0x00007fed7c22d800 Uncommon trap: reason=unstable_if action=reinterpret pc=0x000000010ad0fd30 method=java.lang.String.trim()Ljava/lang/String; @ 15
Event: 6.420 Thread 0x00007fed7c22d800 Uncommon trap: reason=unstable_if action=reinterpret pc=0x000000010ad3fa08 method=java.lang.String.indexOf([CII[CIII)I @ 3

Internal exceptions (10 events):
Event: 1.271 Thread 0x00007fed7b803000 Exception <a 'java/lang/ClassNotFoundException': Tree> (0x0000000795a6b518) thrown at [/Users/java_re/workspace/8-2-build-macosx-x86_64/jdk8u60/4407/hotspot/src/share/vm/classfile/systemDictionary.cpp, line 210]
Event: 1.271 Thread 0x00007fed7b803000 Exception <a 'java/lang/ClassNotFoundException': Tree> (0x0000000795a6bc58) thrown at [/Users/java_re/workspace/8-2-build-macosx-x86_64/jdk8u60/4407/hotspot/src/share/vm/classfile/systemDictionary.cpp, line 210]
Event: 1.271 Thread 0x00007fed7b803000 Exception <a 'java/lang/ClassNotFoundException': javax/swing/JTreeCell> (0x0000000795a6bfd8) thrown at [/Users/java_re/workspace/8-2-build-macosx-x86_64/jdk8u60/4407/hotspot/src/share/vm/classfile/systemDictionary.cpp, line 210]
Event: 1.271 Thread 0x00007fed7b803000 Exception <a 'java/lang/ClassNotFoundException': TreeCell> (0x0000000795a6c460) thrown at [/Users/java_re/workspace/8-2-build-macosx-x86_64/jdk8u60/4407/hotspot/src/share/vm/classfile/systemDictionary.cpp, line 210]
Event: 1.272 Thread 0x00007fed7b803000 Exception <a 'java/lang/ClassNotFoundException': RootPane> (0x0000000795a6cec0) thrown at [/Users/java_re/workspace/8-2-build-macosx-x86_64/jdk8u60/4407/hotspot/src/share/vm/classfile/systemDictionary.cpp, line 210]
Event: 1.482 Thread 0x00007fed7c22d800 Exception <a 'java/lang/NullPointerException'> (0x0000000795db37b8) thrown at [/Users/java_re/workspace/8-2-build-macosx-x86_64/jdk8u60/4407/hotspot/src/share/vm/prims/jni.cpp, line 735]
Event: 3.316 Thread 0x00007fed7c22d800 Exception <a 'java/io/FileNotFoundException'> (0x0000000795efaaf0) thrown at [/Users/java_re/workspace/8-2-build-macosx-x86_64/jdk8u60/4407/hotspot/src/share/vm/prims/jni.cpp, line 709]
Event: 3.417 Thread 0x00007fed7c22d800 Exception <a 'java/io/FileNotFoundException'> (0x0000000795f06128) thrown at [/Users/java_re/workspace/8-2-build-macosx-x86_64/jdk8u60/4407/hotspot/src/share/vm/prims/jni.cpp, line 709]
Event: 6.243 Thread 0x00007fed7c22d800 Exception <a 'java/io/FileNotFoundException'> (0x0000000796c8a928) thrown at [/Users/java_re/workspace/8-2-build-macosx-x86_64/jdk8u60/4407/hotspot/src/share/vm/prims/jni.cpp, line 709]
Event: 6.642 Thread 0x00007fed7b00e000 Exception <a 'java/lang/NullPointerException'> (0x00000007956ae238) thrown at [/Users/java_re/workspace/8-2-build-macosx-x86_64/jdk8u60/4407/hotspot/src/share/vm/interpreter/linkResolver.cpp, line 1178]

Events (10 events):
Event: 6.702 loading class com/github/jaiimageio/plugins/tiff/GeoTIFFTagSet$GeoDoubleParams
Event: 6.702 loading class com/github/jaiimageio/plugins/tiff/GeoTIFFTagSet$GeoDoubleParams done
Event: 6.702 loading class com/github/jaiimageio/plugins/tiff/GeoTIFFTagSet$GeoAsciiParams
Event: 6.702 loading class com/github/jaiimageio/plugins/tiff/GeoTIFFTagSet$GeoAsciiParams done
Event: 6.704 loading class java/awt/image/DataBufferUShort
Event: 6.704 loading class java/awt/image/DataBufferUShort done
Event: 6.704 loading class java/awt/image/DataBufferShort
Event: 6.704 loading class java/awt/image/DataBufferShort done
Event: 6.717 loading class com/sun/jna/Native$Buffers
Event: 6.717 loading class com/sun/jna/Native$Buffers done


Dynamic libraries:
0x000000000679f000 	/System/Library/Frameworks/Cocoa.framework/Versions/A/Cocoa
0x000000000679f000 	/System/Library/Frameworks/Security.framework/Versions/A/Security
0x000000000679f000 	/System/Library/Frameworks/ApplicationServices.framework/Versions/A/ApplicationServices
0x000000000679f000 	/usr/lib/libz.1.dylib
0x000000000679f000 	/usr/lib/libSystem.B.dylib
0x000000000679f000 	/usr/lib/libobjc.A.dylib
0x000000000679f000 	/System/Library/Frameworks/CoreFoundation.framework/Versions/A/CoreFoundation
0x000000000679f000 	/System/Library/Frameworks/Foundation.framework/Versions/C/Foundation
0x000000000679f000 	/System/Library/Frameworks/AppKit.framework/Versions/C/AppKit
0x000000000679f000 	/System/Library/Frameworks/CoreData.framework/Versions/A/CoreData
0x000000000679f000 	/System/Library/PrivateFrameworks/RemoteViewServices.framework/Versions/A/RemoteViewServices
0x000000000679f000 	/System/Library/PrivateFrameworks/UIFoundation.framework/Versions/A/UIFoundation
0x000000000679f000 	/usr/lib/libScreenReader.dylib
0x000000000679f000 	/System/Library/Frameworks/Accelerate.framework/Versions/A/Accelerate
0x000000000679f000 	/System/Library/Frameworks/IOSurface.framework/Versions/A/IOSurface
0x000000000679f000 	/System/Library/Frameworks/AudioToolbox.framework/Versions/A/AudioToolbox
0x000000000679f000 	/System/Library/Frameworks/AudioUnit.framework/Versions/A/AudioUnit
0x000000000679f000 	/System/Library/PrivateFrameworks/DataDetectorsCore.framework/Versions/A/DataDetectorsCore
0x000000000679f000 	/System/Library/PrivateFrameworks/DesktopServicesPriv.framework/Versions/A/DesktopServicesPriv
0x000000000679f000 	/System/Library/Frameworks/Carbon.framework/Versions/A/Frameworks/HIToolbox.framework/Versions/A/HIToolbox
0x000000000679f000 	/System/Library/Frameworks/QuartzCore.framework/Versions/A/QuartzCore
0x000000000679f000 	/System/Library/Frameworks/Carbon.framework/Versions/A/Frameworks/SpeechRecognition.framework/Versions/A/SpeechRecognition
0x000000000679f000 	/usr/lib/libauto.dylib
0x000000000679f000 	/usr/lib/libicucore.A.dylib
0x000000000679f000 	/usr/lib/libxml2.2.dylib
0x000000000679f000 	/System/Library/PrivateFrameworks/CoreUI.framework/Versions/A/CoreUI
0x000000000679f000 	/System/Library/Frameworks/CoreAudio.framework/Versions/A/CoreAudio
0x000000000679f000 	/System/Library/Frameworks/DiskArbitration.framework/Versions/A/DiskArbitration
0x000000000679f000 	/usr/lib/liblangid.dylib
0x000000000679f000 	/System/Library/PrivateFrameworks/MultitouchSupport.framework/Versions/A/MultitouchSupport
0x000000000679f000 	/System/Library/Frameworks/IOKit.framework/Versions/A/IOKit
0x000000000679f000 	/usr/lib/libDiagnosticMessagesClient.dylib
0x000000000679f000 	/System/Library/Frameworks/CoreServices.framework/Versions/A/CoreServices
0x000000000679f000 	/System/Library/PrivateFrameworks/PerformanceAnalysis.framework/Versions/A/PerformanceAnalysis
0x000000000679f000 	/System/Library/PrivateFrameworks/GenerationalStorage.framework/Versions/A/GenerationalStorage
0x000000000679f000 	/System/Library/Frameworks/OpenGL.framework/Versions/A/OpenGL
0x000000000679f000 	/System/Library/PrivateFrameworks/Sharing.framework/Versions/A/Sharing
0x000000000679f000 	/System/Library/Frameworks/CoreGraphics.framework/Versions/A/CoreGraphics
0x000000000679f000 	/System/Library/Frameworks/CoreImage.framework/Versions/A/CoreImage
0x000000000679f000 	/System/Library/Frameworks/CoreText.framework/Versions/A/CoreText
0x000000000679f000 	/System/Library/Frameworks/ImageIO.framework/Versions/A/ImageIO
0x000000000679f000 	/System/Library/PrivateFrameworks/Backup.framework/Versions/A/Backup
0x000000000679f000 	/usr/lib/libextension.dylib
0x000000000679f000 	/usr/lib/libarchive.2.dylib
0x000000000679f000 	/System/Library/Frameworks/CFNetwork.framework/Versions/A/CFNetwork
0x000000000679f000 	/System/Library/Frameworks/SystemConfiguration.framework/Versions/A/SystemConfiguration
0x000000000679f000 	/usr/lib/libCRFSuite.dylib
0x000000000679f000 	/usr/lib/libc++.1.dylib
0x000000000679f000 	/usr/lib/libc++abi.dylib
0x000000000679f000 	/usr/lib/system/libcache.dylib
0x000000000679f000 	/usr/lib/system/libcommonCrypto.dylib
0x000000000679f000 	/usr/lib/system/libcompiler_rt.dylib
0x000000000679f000 	/usr/lib/system/libcopyfile.dylib
0x000000000679f000 	/usr/lib/system/libcorecrypto.dylib
0x000000000679f000 	/usr/lib/system/libdispatch.dylib
0x000000000679f000 	/usr/lib/system/libdyld.dylib
0x000000000679f000 	/usr/lib/system/libkeymgr.dylib
0x000000000679f000 	/usr/lib/system/liblaunch.dylib
0x000000000679f000 	/usr/lib/system/libmacho.dylib
0x000000000679f000 	/usr/lib/system/libquarantine.dylib
0x000000000679f000 	/usr/lib/system/libremovefile.dylib
0x000000000679f000 	/usr/lib/system/libsystem_asl.dylib
0x000000000679f000 	/usr/lib/system/libsystem_blocks.dylib
0x000000000679f000 	/usr/lib/system/libsystem_c.dylib
0x000000000679f000 	/usr/lib/system/libsystem_configuration.dylib
0x000000000679f000 	/usr/lib/system/libsystem_coreservices.dylib
0x000000000679f000 	/usr/lib/system/libsystem_coretls.dylib
0x000000000679f000 	/usr/lib/system/libsystem_dnssd.dylib
0x000000000679f000 	/usr/lib/system/libsystem_info.dylib
0x000000000679f000 	/usr/lib/system/libsystem_kernel.dylib
0x000000000679f000 	/usr/lib/system/libsystem_m.dylib
0x000000000679f000 	/usr/lib/system/libsystem_malloc.dylib
0x000000000679f000 	/usr/lib/system/libsystem_network.dylib
0x000000000679f000 	/usr/lib/system/libsystem_networkextension.dylib
0x000000000679f000 	/usr/lib/system/libsystem_notify.dylib
0x000000000679f000 	/usr/lib/system/libsystem_platform.dylib
0x000000000679f000 	/usr/lib/system/libsystem_pthread.dylib
0x000000000679f000 	/usr/lib/system/libsystem_sandbox.dylib
0x000000000679f000 	/usr/lib/system/libsystem_secinit.dylib
0x000000000679f000 	/usr/lib/system/libsystem_trace.dylib
0x000000000679f000 	/usr/lib/system/libunc.dylib
0x000000000679f000 	/usr/lib/system/libunwind.dylib
0x000000000679f000 	/usr/lib/system/libxpc.dylib
0x000000000679f000 	/usr/lib/libenergytrace.dylib
0x000000000679f000 	/usr/lib/libbsm.0.dylib
0x000000000679f000 	/usr/lib/system/libkxld.dylib
0x000000000679f000 	/usr/lib/libxar.1.dylib
0x000000000679f000 	/usr/lib/libsqlite3.dylib
0x000000000679f000 	/usr/lib/libpam.2.dylib
0x000000000679f000 	/usr/lib/libOpenScriptingUtil.dylib
0x000000000679f000 	/usr/lib/libbz2.1.0.dylib
0x000000000679f000 	/usr/lib/liblzma.5.dylib
0x000000000679f000 	/System/Library/Frameworks/CoreServices.framework/Versions/A/Frameworks/FSEvents.framework/Versions/A/FSEvents
0x000000000679f000 	/System/Library/Frameworks/CoreServices.framework/Versions/A/Frameworks/CarbonCore.framework/Versions/A/CarbonCore
0x000000000679f000 	/System/Library/Frameworks/CoreServices.framework/Versions/A/Frameworks/Metadata.framework/Versions/A/Metadata
0x000000000679f000 	/System/Library/Frameworks/CoreServices.framework/Versions/A/Frameworks/OSServices.framework/Versions/A/OSServices
0x000000000679f000 	/System/Library/Frameworks/CoreServices.framework/Versions/A/Frameworks/SearchKit.framework/Versions/A/SearchKit
0x000000000679f000 	/System/Library/Frameworks/CoreServices.framework/Versions/A/Frameworks/AE.framework/Versions/A/AE
0x000000000679f000 	/System/Library/Frameworks/CoreServices.framework/Versions/A/Frameworks/LaunchServices.framework/Versions/A/LaunchServices
0x000000000679f000 	/System/Library/Frameworks/CoreServices.framework/Versions/A/Frameworks/DictionaryServices.framework/Versions/A/DictionaryServices
0x000000000679f000 	/System/Library/Frameworks/CoreServices.framework/Versions/A/Frameworks/SharedFileList.framework/Versions/A/SharedFileList
0x000000000679f000 	/System/Library/Frameworks/NetFS.framework/Versions/A/NetFS
0x000000000679f000 	/System/Library/PrivateFrameworks/NetAuth.framework/Versions/A/NetAuth
0x000000000679f000 	/System/Library/PrivateFrameworks/login.framework/Versions/A/Frameworks/loginsupport.framework/Versions/A/loginsupport
0x000000000679f000 	/System/Library/PrivateFrameworks/TCC.framework/Versions/A/TCC
0x000000000679f000 	/usr/lib/libmecabra.dylib
0x000000000679f000 	/System/Library/Frameworks/ApplicationServices.framework/Versions/A/Frameworks/ATS.framework/Versions/A/ATS
0x000000000679f000 	/System/Library/Frameworks/ApplicationServices.framework/Versions/A/Frameworks/ColorSync.framework/Versions/A/ColorSync
0x000000000679f000 	/System/Library/Frameworks/ApplicationServices.framework/Versions/A/Frameworks/HIServices.framework/Versions/A/HIServices
0x000000000679f000 	/System/Library/Frameworks/ApplicationServices.framework/Versions/A/Frameworks/LangAnalysis.framework/Versions/A/LangAnalysis
0x000000000679f000 	/System/Library/Frameworks/ApplicationServices.framework/Versions/A/Frameworks/PrintCore.framework/Versions/A/PrintCore
0x000000000679f000 	/System/Library/Frameworks/ApplicationServices.framework/Versions/A/Frameworks/QD.framework/Versions/A/QD
0x000000000679f000 	/System/Library/Frameworks/ApplicationServices.framework/Versions/A/Frameworks/SpeechSynthesis.framework/Versions/A/SpeechSynthesis
0x000000000679f000 	/System/Library/Frameworks/Metal.framework/Versions/A/Metal
0x000000000679f000 	/System/Library/Frameworks/Accelerate.framework/Versions/A/Frameworks/vImage.framework/Versions/A/vImage
0x000000000679f000 	/System/Library/Frameworks/Accelerate.framework/Versions/A/Frameworks/vecLib.framework/Versions/A/vecLib
0x000000000679f000 	/System/Library/Frameworks/Accelerate.framework/Versions/A/Frameworks/vecLib.framework/Versions/A/libvDSP.dylib
0x000000000679f000 	/System/Library/Frameworks/Accelerate.framework/Versions/A/Frameworks/vecLib.framework/Versions/A/libvMisc.dylib
0x000000000679f000 	/System/Library/Frameworks/Accelerate.framework/Versions/A/Frameworks/vecLib.framework/Versions/A/libLAPACK.dylib
0x000000000679f000 	/System/Library/Frameworks/Accelerate.framework/Versions/A/Frameworks/vecLib.framework/Versions/A/libBLAS.dylib
0x000000000679f000 	/System/Library/Frameworks/Accelerate.framework/Versions/A/Frameworks/vecLib.framework/Versions/A/libLinearAlgebra.dylib
0x000000000679f000 	/System/Library/Frameworks/Accelerate.framework/Versions/A/Frameworks/vecLib.framework/Versions/A/libSparseBLAS.dylib
0x000000000679f000 	/System/Library/PrivateFrameworks/GPUCompiler.framework/libmetal_timestamp.dylib
0x000000000679f000 	/System/Library/Frameworks/OpenGL.framework/Versions/A/Libraries/libCoreFSCache.dylib
0x000000000679f000 	/System/Library/PrivateFrameworks/IOAccelerator.framework/Versions/A/IOAccelerator
0x000000000679f000 	/System/Library/Frameworks/ApplicationServices.framework/Versions/A/Frameworks/ATS.framework/Versions/A/Resources/libFontParser.dylib
0x000000000679f000 	/System/Library/Frameworks/ApplicationServices.framework/Versions/A/Frameworks/ATS.framework/Versions/A/Resources/libFontRegistry.dylib
0x000000000679f000 	/System/Library/PrivateFrameworks/AppleVPA.framework/Versions/A/AppleVPA
0x000000000679f000 	/System/Library/PrivateFrameworks/AppleJPEG.framework/Versions/A/AppleJPEG
0x000000000679f000 	/System/Library/Frameworks/ImageIO.framework/Versions/A/Resources/libJPEG.dylib
0x000000000679f000 	/System/Library/Frameworks/ImageIO.framework/Versions/A/Resources/libTIFF.dylib
0x000000000679f000 	/System/Library/Frameworks/ImageIO.framework/Versions/A/Resources/libPng.dylib
0x000000000679f000 	/System/Library/Frameworks/ImageIO.framework/Versions/A/Resources/libGIF.dylib
0x000000000679f000 	/System/Library/Frameworks/ImageIO.framework/Versions/A/Resources/libJP2.dylib
0x000000000679f000 	/System/Library/Frameworks/ImageIO.framework/Versions/A/Resources/libRadiance.dylib
0x000000000679f000 	/System/Library/Frameworks/CoreVideo.framework/Versions/A/CoreVideo
0x000000000679f000 	/System/Library/Frameworks/OpenGL.framework/Versions/A/Libraries/libGLU.dylib
0x000000000679f000 	/System/Library/Frameworks/OpenGL.framework/Versions/A/Libraries/libGFXShared.dylib
0x000000000679f000 	/System/Library/Frameworks/OpenGL.framework/Versions/A/Libraries/libGL.dylib
0x000000000679f000 	/System/Library/Frameworks/OpenGL.framework/Versions/A/Libraries/libGLImage.dylib
0x000000000679f000 	/System/Library/Frameworks/OpenGL.framework/Versions/A/Libraries/libCVMSPluginSupport.dylib
0x000000000679f000 	/System/Library/Frameworks/OpenGL.framework/Versions/A/Libraries/libCoreVMClient.dylib
0x000000000679f000 	/usr/lib/libcups.2.dylib
0x000000000679f000 	/System/Library/Frameworks/Kerberos.framework/Versions/A/Kerberos
0x000000000679f000 	/System/Library/Frameworks/GSS.framework/Versions/A/GSS
0x000000000679f000 	/usr/lib/libresolv.9.dylib
0x000000000679f000 	/usr/lib/libiconv.2.dylib
0x000000000679f000 	/System/Library/PrivateFrameworks/Heimdal.framework/Versions/A/Heimdal
0x000000000679f000 	/usr/lib/libheimdal-asn1.dylib
0x000000000679f000 	/System/Library/Frameworks/OpenDirectory.framework/Versions/A/OpenDirectory
0x000000000679f000 	/System/Library/PrivateFrameworks/CommonAuth.framework/Versions/A/CommonAuth
0x000000000679f000 	/System/Library/Frameworks/OpenDirectory.framework/Versions/A/Frameworks/CFOpenDirectory.framework/Versions/A/CFOpenDirectory
0x000000000679f000 	/System/Library/Frameworks/SecurityFoundation.framework/Versions/A/SecurityFoundation
0x000000000679f000 	/System/Library/PrivateFrameworks/LanguageModeling.framework/Versions/A/LanguageModeling
0x000000000679f000 	/usr/lib/libmarisa.dylib
0x000000000679f000 	/usr/lib/libChineseTokenizer.dylib
0x000000000679f000 	/usr/lib/libcmph.dylib
0x000000000679f000 	/usr/lib/libcompression.dylib
0x000000000679f000 	/System/Library/Frameworks/ServiceManagement.framework/Versions/A/ServiceManagement
0x000000000679f000 	/usr/lib/libxslt.1.dylib
0x000000000679f000 	/System/Library/Frameworks/Carbon.framework/Versions/A/Frameworks/Ink.framework/Versions/A/Ink
0x000000000679f000 	/usr/lib/libFosl_dynamic.dylib
0x000000000679f000 	/System/Library/PrivateFrameworks/FaceCore.framework/Versions/A/FaceCore
0x000000000679f000 	/System/Library/Frameworks/OpenCL.framework/Versions/A/OpenCL
0x000000000679f000 	/System/Library/PrivateFrameworks/CrashReporterSupport.framework/Versions/A/CrashReporterSupport
0x000000000679f000 	/System/Library/PrivateFrameworks/IconServices.framework/Versions/A/IconServices
0x000000000679f000 	/System/Library/PrivateFrameworks/Apple80211.framework/Versions/A/Apple80211
0x000000000679f000 	/System/Library/Frameworks/CoreWLAN.framework/Versions/A/CoreWLAN
0x000000000679f000 	/System/Library/Frameworks/IOBluetooth.framework/Versions/A/IOBluetooth
0x000000000679f000 	/System/Library/PrivateFrameworks/CoreWiFi.framework/Versions/A/CoreWiFi
0x000000000679f000 	/System/Library/Frameworks/CoreBluetooth.framework/Versions/A/CoreBluetooth
0x000000000679f000 	/System/Library/PrivateFrameworks/ChunkingLibrary.framework/Versions/A/ChunkingLibrary
0x000000000679f000 	/System/Library/PrivateFrameworks/DebugSymbols.framework/Versions/A/DebugSymbols
0x000000000679f000 	/System/Library/PrivateFrameworks/CoreSymbolication.framework/Versions/A/CoreSymbolication
0x000000000679f000 	/System/Library/PrivateFrameworks/Symbolication.framework/Versions/A/Symbolication
0x000000000679f000 	/System/Library/PrivateFrameworks/SpeechRecognitionCore.framework/Versions/A/SpeechRecognitionCore
0x0000000109a00000 	/Library/Java/JavaVirtualMachines/jdk1.8.0_60.jdk/Contents/Home/jre/lib/server/libjvm.dylib
0x000000000679f000 	/usr/lib/libstdc++.6.dylib
0x000000010913e000 	/Library/Java/JavaVirtualMachines/jdk1.8.0_60.jdk/Contents/Home/jre/lib/libverify.dylib
0x000000010914c000 	/Library/Java/JavaVirtualMachines/jdk1.8.0_60.jdk/Contents/Home/jre/lib/libjava.dylib
0x000000010918b000 	/Library/Java/JavaVirtualMachines/jdk1.8.0_60.jdk/Contents/Home/jre/lib/libzip.dylib
0x00000001091e5000 	/System/Library/Frameworks/JavaVM.framework/Frameworks/JavaRuntimeSupport.framework/JavaRuntimeSupport
0x000000012029b000 	/System/Library/Frameworks/JavaVM.framework/Versions/A/Frameworks/JavaNativeFoundation.framework/Versions/A/JavaNativeFoundation
0x00000001202b0000 	/System/Library/Frameworks/JavaVM.framework/Versions/A/JavaVM
0x000000000679f000 	/System/Library/Frameworks/Carbon.framework/Versions/A/Carbon
0x00000001202bd000 	/System/Library/PrivateFrameworks/JavaLaunching.framework/Versions/A/JavaLaunching
0x000000000679f000 	/System/Library/Frameworks/Carbon.framework/Versions/A/Frameworks/CommonPanels.framework/Versions/A/CommonPanels
0x000000000679f000 	/System/Library/Frameworks/Carbon.framework/Versions/A/Frameworks/Help.framework/Versions/A/Help
0x000000000679f000 	/System/Library/Frameworks/Carbon.framework/Versions/A/Frameworks/ImageCapture.framework/Versions/A/ImageCapture
0x000000000679f000 	/System/Library/Frameworks/Carbon.framework/Versions/A/Frameworks/OpenScripting.framework/Versions/A/OpenScripting
0x000000000679f000 	/System/Library/Frameworks/Carbon.framework/Versions/A/Frameworks/Print.framework/Versions/A/Print
0x000000000679f000 	/System/Library/Frameworks/Carbon.framework/Versions/A/Frameworks/SecurityHI.framework/Versions/A/SecurityHI
0x0000000121c52000 	/Library/Java/JavaVirtualMachines/jdk1.8.0_60.jdk/Contents/Home/jre/lib/libawt.dylib
0x0000000121cfa000 	/Library/Java/JavaVirtualMachines/jdk1.8.0_60.jdk/Contents/Home/jre/lib/./libmlib_image.dylib
0x0000000121dc6000 	/Library/Java/JavaVirtualMachines/jdk1.8.0_60.jdk/Contents/Home/jre/lib/libawt_lwawt.dylib
0x0000000121e7b000 	/Library/Java/JavaVirtualMachines/jdk1.8.0_60.jdk/Contents/Home/jre/lib/./libosxapp.dylib
0x000000000679f000 	/System/Library/Frameworks/ExceptionHandling.framework/Versions/A/ExceptionHandling
0x000000000679f000 	/System/Library/PrivateFrameworks/CoreServicesInternal.framework/Versions/A/CoreServicesInternal
0x000000000679f000 	/System/Library/Frameworks/CoreGraphics.framework/Versions/A/Resources/libRIP.A.dylib
0x000000000679f000 	/System/Library/Frameworks/Accelerate.framework/Versions/A/Frameworks/vImage.framework/Versions/A/Libraries/libCGInterfaces.dylib
0x000000000679f000 	/System/Library/Frameworks/CoreGraphics.framework/Versions/A/Resources/libCGXType.A.dylib
0x000000000679f000 	/System/Library/Frameworks/OpenCL.framework/Versions/A/Libraries/libcldcpuengine.dylib
0x000000000679f000 	/System/Library/PrivateFrameworks/DiskImages.framework/Versions/A/DiskImages
0x000000000679f000 	/System/Library/Frameworks/DiscRecording.framework/Versions/A/DiscRecording
0x000000000679f000 	/usr/lib/libcsfde.dylib
0x000000000679f000 	/usr/lib/libcurl.4.dylib
0x000000000679f000 	/System/Library/PrivateFrameworks/MediaKit.framework/Versions/A/MediaKit
0x000000000679f000 	/System/Library/PrivateFrameworks/ProtectedCloudStorage.framework/Versions/A/ProtectedCloudStorage
0x000000000679f000 	/usr/lib/libCoreStorage.dylib
0x000000000679f000 	/System/Library/PrivateFrameworks/EFILogin.framework/Versions/A/EFILogin
0x000000000679f000 	/usr/lib/libutil.dylib
0x000000000679f000 	/System/Library/PrivateFrameworks/FindMyDevice.framework/Versions/A/FindMyDevice
0x000000000679f000 	/System/Library/Frameworks/LDAP.framework/Versions/A/LDAP
0x000000000679f000 	/usr/lib/libsasl2.2.dylib
0x000000000679f000 	/System/Library/PrivateFrameworks/CoreDaemon.framework/Versions/B/CoreDaemon
0x000000000679f000 	/usr/lib/libcrypto.0.9.8.dylib
0x000000000679f000 	/System/Library/PrivateFrameworks/AppleSRP.framework/Versions/A/AppleSRP
0x000000000679f000 	/System/Library/PrivateFrameworks/TrustEvaluationAgent.framework/Versions/A/TrustEvaluationAgent
0x0000000123cc8000 	cl_kernels
0x000000000679f000 	/System/Library/Frameworks/OpenCL.framework/Versions/A/Libraries/ImageFormats/unorm8_bgra.dylib
0x000000000679f000 	/System/Library/Frameworks/OpenCL.framework/Versions/A/Libraries/ImageFormats/unorm8_rgba.dylib
0x000000000679f000 	/System/Library/PrivateFrameworks/FamilyControls.framework/Versions/A/FamilyControls
0x000000000679f000 	/System/Library/PrivateFrameworks/CommerceKit.framework/Versions/A/Frameworks/CommerceCore.framework/Versions/A/CommerceCore
0x000000000679f000 	/System/Library/PrivateFrameworks/SystemAdministration.framework/Versions/A/SystemAdministration
0x000000000679f000 	/System/Library/PrivateFrameworks/AppContainer.framework/Versions/A/AppContainer
0x000000000679f000 	/System/Library/PrivateFrameworks/SecCodeWrapper.framework/Versions/A/SecCodeWrapper
0x000000000679f000 	/System/Library/Frameworks/DirectoryService.framework/Versions/A/DirectoryService
0x000000000679f000 	/System/Library/PrivateFrameworks/LoginUIKit.framework/Versions/A/Frameworks/LoginUICore.framework/Versions/A/LoginUICore
0x000000000679f000 	/usr/lib/libodfde.dylib
0x0000000124da3000 	/Library/Java/JavaVirtualMachines/jdk1.8.0_60.jdk/Contents/Home/jre/lib/libfontmanager.dylib
0x00000001230cb000 	/Library/Java/JavaVirtualMachines/jdk1.8.0_60.jdk/Contents/Home/jre/lib/libosxui.dylib
0x000000000679f000 	/System/Library/Frameworks/OpenGL.framework/Versions/A/Resources/GLEngine.bundle/GLEngine
0x000000000679f000 	/System/Library/Frameworks/OpenGL.framework/Versions/A/Libraries/libGLProgrammability.dylib
0x0000000125848000 	/System/Library/Extensions/AppleIntelBDWGraphicsGLDriver.bundle/Contents/MacOS/AppleIntelBDWGraphicsGLDriver
0x000000000679f000 	/System/Library/PrivateFrameworks/GPUSupport.framework/Versions/A/Libraries/libGPUSupportMercury.dylib
0x000000000679f000 	/System/Library/Frameworks/OpenGL.framework/Versions/A/Resources/GLRendererFloat.bundle/GLRendererFloat
0x0000000126e9e000 	/Library/Java/JavaVirtualMachines/jdk1.8.0_60.jdk/Contents/Home/jre/lib/libnet.dylib
0x0000000126eb5000 	/Library/Java/JavaVirtualMachines/jdk1.8.0_60.jdk/Contents/Home/jre/lib/libnio.dylib
0x000000000679f000 	/System/Library/Frameworks/ApplicationServices.framework/Versions/A/Frameworks/ATS.framework/Versions/A/Resources/libTrueTypeScaler.dylib
0x00000001891df000 	/System/Library/Extensions/AppleIntelBDWGraphicsMTLDriver.bundle/Contents/MacOS/AppleIntelBDWGraphicsMTLDriver
0x000000018aa4e000 	/Library/Java/JavaVirtualMachines/jdk1.8.0_60.jdk/Contents/Home/jre/lib/libdcpr.dylib
0x000000000679f000 	/System/Library/CoreServices/RawCamera.bundle/Contents/MacOS/RawCamera
0x0000000123885000 	/private/var/folders/nv/tn8gf4qx33l86fjt1h5s8yr00000gp/T/jna--469709664/jna2780414440832319094.tmp
0x000000018e1d8000 	/usr/local/lib/libtesseract.dylib
0x000000018e7f7000 	/opt/local/lib/liblept.4.dylib
0x0000000123a80000 	/opt/local/lib/libz.1.dylib
0x0000000123a94000 	/opt/local/lib/libpng16.16.dylib
0x0000000123abf000 	/opt/local/lib/libjpeg.9.dylib
0x0000000123af3000 	/opt/local/lib/libgif.4.dylib
0x000000018da82000 	/opt/local/lib/libtiff.5.dylib
0x0000000185f11000 	/opt/local/lib/libwebp.5.dylib
0x0000000123afc000 	/opt/local/lib/libopenjp2.7.dylib
0x0000000123bde000 	/opt/local/lib/libSM.6.dylib
0x0000000123be7000 	/opt/local/lib/libICE.6.dylib
0x000000018ddb3000 	/opt/local/lib/libX11.6.dylib
0x0000000123c00000 	/opt/local/lib/libxcb.1.dylib
0x0000000123b27000 	/opt/local/lib/libXau.6.dylib
0x0000000123c1e000 	/opt/local/lib/libXdmcp.6.dylib
0x0000000123c6c000 	/opt/local/lib/liblzma.5.dylib

VM Arguments:
jvm_args: -Dfile.encoding=UTF-8 
java_command: FinalProjectData.Runner
java_class_path (initial): /Users/samarthmadduru/Desktop/Tess4J/lib/slf4j-api-1.7.19.jar:/Users/samarthmadduru/Desktop/Tess4J/lib/ghost4j-1.0.1.jar:/Users/samarthmadduru/Desktop/Tess4J/lib/logback-classic-1.1.6.jar:/Users/samarthmadduru/Desktop/Tess4J/lib/logback-core-1.1.6.jar:/Users/samarthmadduru/Desktop/Tess4J/lib/jul-to-slf4j-1.7.19.jar:/Users/samarthmadduru/Desktop/Tess4J/lib/lept4j-1.1.2.jar:/Users/samarthmadduru/Desktop/Tess4J/lib/jna-4.2.2.jar:/Users/samarthmadduru/Desktop/Tess4J/lib/jai-imageio-core-1.3.1.jar:/Users/samarthmadduru/Desktop/Tess4J/lib/commons-logging-1.2.jar:/Users/samarthmadduru/Desktop/Tess4J/lib/commons-beanutils-1.9.2.jar:/Users/samarthmadduru/Desktop/Tess4J/lib/hamcrest-core-1.3.jar:/Users/samarthmadduru/Desktop/Tess4J/lib/junit-4.12.jar:/Users/samarthmadduru/Desktop/Tess4J/lib/rococoa-core-0.5.jar:/Users/samarthmadduru/Desktop/Tess4J/lib/commons-io-2.4.jar:/Users/samarthmadduru/Desktop/Tess4J/lib/log4j-1.2.17.jar:/Users/samarthmadduru/Desktop/Tess4J/lib/itext-2.1.7.jar:/Users/samarthmadduru/Desktop/Tess4J/lib/xmlgraphics-commons-1.5.jar:/Users/samarthmadduru/Desktop/jsoup-1.9.1-javadoc.jar:/Users/samarthmadduru/Desktop/jsoup-1.9.1.jar:/Users/samarthmadduru/NetBeansProjects/RevMeUp/build/classes
Launcher Type: SUN_STANDARD

Environment Variables:
PATH=/usr/bin:/bin:/usr/sbin:/sbin
LD_LIBRARY_PATH=/Library/Java/JavaVirtualMachines/jdk1.8.0_60.jdk/Contents/Home/jre/lib/amd64:/Library/Java/JavaVirtualMachines/jdk1.8.0_60.jdk/Contents/Home/jre/lib/i386:
SHELL=/bin/bash

Signal Handlers:
SIGSEGV: [libjvm.dylib+0x5a6d31], sa_mask[0]=11111111011111110111111111111111, sa_flags=SA_ONSTACK|SA_RESTART|SA_SIGINFO
SIGBUS: [libjvm.dylib+0x5a6d31], sa_mask[0]=11111111011111110111111111111111, sa_flags=SA_RESTART|SA_SIGINFO
SIGFPE: [libjvm.dylib+0x480a4c], sa_mask[0]=11111111011111110111111111111111, sa_flags=SA_RESTART|SA_SIGINFO
SIGPIPE: [libjvm.dylib+0x480a4c], sa_mask[0]=11111111011111110111111111111111, sa_flags=SA_RESTART|SA_SIGINFO
SIGXFSZ: [libjvm.dylib+0x480a4c], sa_mask[0]=11111111011111110111111111111111, sa_flags=SA_RESTART|SA_SIGINFO
SIGILL: [libjvm.dylib+0x480a4c], sa_mask[0]=11111111011111110111111111111111, sa_flags=SA_RESTART|SA_SIGINFO
SIGUSR1: SIG_DFL, sa_mask[0]=00000000000000000000000000000000, sa_flags=none
SIGUSR2: [libjvm.dylib+0x48056a], sa_mask[0]=00100000000000000000000000000000, sa_flags=SA_RESTART|SA_SIGINFO
SIGHUP: [libjvm.dylib+0x47eb41], sa_mask[0]=11111111011111110111111111111111, sa_flags=SA_RESTART|SA_SIGINFO
SIGINT: SIG_IGN, sa_mask[0]=00000000000000000000000000000000, sa_flags=none
SIGTERM: [libjvm.dylib+0x47eb41], sa_mask[0]=11111111011111110111111111111111, sa_flags=SA_RESTART|SA_SIGINFO
SIGQUIT: [libjvm.dylib+0x47eb41], sa_mask[0]=11111111011111110111111111111111, sa_flags=SA_RESTART|SA_SIGINFO


---------------  S Y S T E M  ---------------

OS:Bsduname:Darwin 15.0.0 Darwin Kernel Version 15.0.0: Wed Aug 26 19:41:34 PDT 2015; root:xnu-3247.1.106~5/RELEASE_X86_64 x86_64
rlimit: STACK 8192k, CORE 0k, NPROC 709, NOFILE 10240, AS infinity
load average:2.31 2.26 2.28

CPU:total 4 (2 cores per cpu, 2 threads per core) family 6 model 61 stepping 4, cmov, cx8, fxsr, mmx, sse, sse2, sse3, ssse3, sse4.1, sse4.2, popcnt, avx, avx2, aes, clmul, erms, 3dnowpref, lzcnt, ht, tsc, tscinvbit, bmi1, bmi2, adx

Memory: 4k page, physical 8388608k(120996k free)

/proc/meminfo:


vm_info: Java HotSpot(TM) 64-Bit Server VM (25.60-b23) for bsd-amd64 JRE (1.8.0_60-b27), built on Aug  4 2015 10:47:24 by "java_re" with gcc 4.2.1 (Based on Apple Inc. build 5658) (LLVM build 2336.11.00)

time: Sun May 22 20:42:14 2016
elapsed time: 6 seconds (0d 0h 0m 6s)

